{"/workspace/backend/controllers/adminController.js": {"path":"/workspace/backend/controllers/adminController.js","statementMap":{"0":{"start":{"line":1,"column":17},"end":{"line":1,"column":46}},"1":{"start":{"line":2,"column":22},"end":{"line":2,"column":56}},"2":{"start":{"line":3,"column":13},"end":{"line":3,"column":38}},"3":{"start":{"line":4,"column":15},"end":{"line":4,"column":35}},"4":{"start":{"line":5,"column":18},"end":{"line":5,"column":34}},"5":{"start":{"line":8,"column":0},"end":{"line":58,"column":2}},"6":{"start":{"line":9,"column":4},"end":{"line":57,"column":5}},"7":{"start":{"line":10,"column":22},"end":{"line":44,"column":10}},"8":{"start":{"line":46,"column":8},"end":{"line":52,"column":11}},"9":{"start":{"line":55,"column":8},"end":{"line":55,"column":53}},"10":{"start":{"line":56,"column":8},"end":{"line":56,"column":69}},"11":{"start":{"line":61,"column":0},"end":{"line":125,"column":2}},"12":{"start":{"line":62,"column":4},"end":{"line":124,"column":5}},"13":{"start":{"line":70,"column":12},"end":{"line":70,"column":21}},"14":{"start":{"line":72,"column":23},"end":{"line":72,"column":41}},"15":{"start":{"line":75,"column":22},"end":{"line":75,"column":24}},"16":{"start":{"line":77,"column":8},"end":{"line":86,"column":9}},"17":{"start":{"line":78,"column":12},"end":{"line":78,"column":34}},"18":{"start":{"line":79,"column":12},"end":{"line":79,"column":71}},"19":{"start":{"line":80,"column":15},"end":{"line":86,"column":9}},"20":{"start":{"line":81,"column":12},"end":{"line":81,"column":35}},"21":{"start":{"line":82,"column":15},"end":{"line":86,"column":9}},"22":{"start":{"line":83,"column":12},"end":{"line":83,"column":72}},"23":{"start":{"line":84,"column":15},"end":{"line":86,"column":9}},"24":{"start":{"line":85,"column":12},"end":{"line":85,"column":54}},"25":{"start":{"line":88,"column":8},"end":{"line":90,"column":9}},"26":{"start":{"line":89,"column":12},"end":{"line":89,"column":55}},"27":{"start":{"line":92,"column":32},"end":{"line":109,"column":10}},"28":{"start":{"line":111,"column":8},"end":{"line":119,"column":11}},"29":{"start":{"line":122,"column":8},"end":{"line":122,"column":58}},"30":{"start":{"line":123,"column":8},"end":{"line":123,"column":69}},"31":{"start":{"line":128,"column":0},"end":{"line":184,"column":2}},"32":{"start":{"line":129,"column":4},"end":{"line":183,"column":5}},"33":{"start":{"line":136,"column":12},"end":{"line":136,"column":20}},"34":{"start":{"line":138,"column":22},"end":{"line":138,"column":24}},"35":{"start":{"line":139,"column":29},"end":{"line":139,"column":31}},"36":{"start":{"line":142,"column":8},"end":{"line":157,"column":9}},"37":{"start":{"line":142,"column":21},"end":{"line":142,"column":22}},"38":{"start":{"line":144,"column":27},"end":{"line":144,"column":28}},"39":{"start":{"line":146,"column":12},"end":{"line":154,"column":90}},"40":{"start":{"line":147,"column":35},"end":{"line":147,"column":91}},"41":{"start":{"line":148,"column":16},"end":{"line":148,"column":48}},"42":{"start":{"line":149,"column":16},"end":{"line":149,"column":27}},"43":{"start":{"line":151,"column":16},"end":{"line":153,"column":17}},"44":{"start":{"line":152,"column":20},"end":{"line":152,"column":81}},"45":{"start":{"line":156,"column":12},"end":{"line":156,"column":29}},"46":{"start":{"line":160,"column":8},"end":{"line":172,"column":9}},"47":{"start":{"line":161,"column":29},"end":{"line":169,"column":14}},"48":{"start":{"line":171,"column":12},"end":{"line":171,"column":40}},"49":{"start":{"line":174,"column":8},"end":{"line":178,"column":11}},"50":{"start":{"line":181,"column":8},"end":{"line":181,"column":65}},"51":{"start":{"line":182,"column":8},"end":{"line":182,"column":74}},"52":{"start":{"line":187,"column":0},"end":{"line":214,"column":2}},"53":{"start":{"line":188,"column":4},"end":{"line":213,"column":5}},"54":{"start":{"line":189,"column":23},"end":{"line":189,"column":33}},"55":{"start":{"line":190,"column":62},"end":{"line":190,"column":70}},"56":{"start":{"line":192,"column":25},"end":{"line":192,"column":52}},"57":{"start":{"line":193,"column":8},"end":{"line":195,"column":9}},"58":{"start":{"line":194,"column":12},"end":{"line":194,"column":77}},"59":{"start":{"line":197,"column":8},"end":{"line":202,"column":11}},"60":{"start":{"line":204,"column":8},"end":{"line":208,"column":11}},"61":{"start":{"line":211,"column":8},"end":{"line":211,"column":60}},"62":{"start":{"line":212,"column":8},"end":{"line":212,"column":69}},"63":{"start":{"line":217,"column":0},"end":{"line":250,"column":2}},"64":{"start":{"line":218,"column":4},"end":{"line":249,"column":5}},"65":{"start":{"line":219,"column":23},"end":{"line":219,"column":33}},"66":{"start":{"line":221,"column":25},"end":{"line":221,"column":52}},"67":{"start":{"line":222,"column":8},"end":{"line":224,"column":9}},"68":{"start":{"line":223,"column":12},"end":{"line":223,"column":77}},"69":{"start":{"line":227,"column":27},"end":{"line":227,"column":83}},"70":{"start":{"line":229,"column":8},"end":{"line":236,"column":9}},"71":{"start":{"line":231,"column":12},"end":{"line":231,"column":55}},"72":{"start":{"line":232,"column":12},"end":{"line":235,"column":15}},"73":{"start":{"line":239,"column":8},"end":{"line":239,"column":33}},"74":{"start":{"line":241,"column":8},"end":{"line":244,"column":11}},"75":{"start":{"line":247,"column":8},"end":{"line":247,"column":58}},"76":{"start":{"line":248,"column":8},"end":{"line":248,"column":67}},"77":{"start":{"line":253,"column":0},"end":{"line":306,"column":2}},"78":{"start":{"line":254,"column":4},"end":{"line":305,"column":5}},"79":{"start":{"line":259,"column":12},"end":{"line":259,"column":21}},"80":{"start":{"line":261,"column":22},"end":{"line":261,"column":24}},"81":{"start":{"line":263,"column":8},"end":{"line":267,"column":9}},"82":{"start":{"line":264,"column":12},"end":{"line":266,"column":14}},"83":{"start":{"line":269,"column":8},"end":{"line":271,"column":9}},"84":{"start":{"line":270,"column":12},"end":{"line":270,"column":38}},"85":{"start":{"line":273,"column":23},"end":{"line":288,"column":10}},"86":{"start":{"line":291,"column":22},"end":{"line":295,"column":9}},"87":{"start":{"line":293,"column":53},"end":{"line":293,"column":61}},"88":{"start":{"line":294,"column":53},"end":{"line":294,"column":65}},"89":{"start":{"line":297,"column":8},"end":{"line":300,"column":11}},"90":{"start":{"line":303,"column":8},"end":{"line":303,"column":53}},"91":{"start":{"line":304,"column":8},"end":{"line":304,"column":68}},"92":{"start":{"line":309,"column":0},"end":{"line":344,"column":2}},"93":{"start":{"line":310,"column":4},"end":{"line":343,"column":5}},"94":{"start":{"line":311,"column":27},"end":{"line":311,"column":36}},"95":{"start":{"line":313,"column":22},"end":{"line":313,"column":24}},"96":{"start":{"line":314,"column":8},"end":{"line":318,"column":9}},"97":{"start":{"line":315,"column":12},"end":{"line":315,"column":34}},"98":{"start":{"line":316,"column":15},"end":{"line":318,"column":9}},"99":{"start":{"line":317,"column":12},"end":{"line":317,"column":35}},"100":{"start":{"line":320,"column":22},"end":{"line":323,"column":10}},"101":{"start":{"line":326,"column":18},"end":{"line":326,"column":67}},"102":{"start":{"line":328,"column":8},"end":{"line":334,"column":11}},"103":{"start":{"line":329,"column":27},"end":{"line":329,"column":62}},"104":{"start":{"line":330,"column":30},"end":{"line":330,"column":85}},"105":{"start":{"line":331,"column":30},"end":{"line":331,"column":58}},"106":{"start":{"line":333,"column":12},"end":{"line":333,"column":106}},"107":{"start":{"line":336,"column":8},"end":{"line":336,"column":50}},"108":{"start":{"line":337,"column":8},"end":{"line":337,"column":84}},"109":{"start":{"line":338,"column":8},"end":{"line":338,"column":22}},"110":{"start":{"line":341,"column":8},"end":{"line":341,"column":52}},"111":{"start":{"line":342,"column":8},"end":{"line":342,"column":69}}},"fnMap":{"0":{"name":"(anonymous_0)","decl":{"start":{"line":8,"column":23},"end":{"line":8,"column":24}},"loc":{"start":{"line":8,"column":43},"end":{"line":58,"column":1}},"line":8},"1":{"name":"(anonymous_1)","decl":{"start":{"line":61,"column":20},"end":{"line":61,"column":21}},"loc":{"start":{"line":61,"column":40},"end":{"line":125,"column":1}},"line":61},"2":{"name":"(anonymous_2)","decl":{"start":{"line":128,"column":26},"end":{"line":128,"column":27}},"loc":{"start":{"line":128,"column":46},"end":{"line":184,"column":1}},"line":128},"3":{"name":"(anonymous_3)","decl":{"start":{"line":187,"column":21},"end":{"line":187,"column":22}},"loc":{"start":{"line":187,"column":41},"end":{"line":214,"column":1}},"line":187},"4":{"name":"(anonymous_4)","decl":{"start":{"line":217,"column":21},"end":{"line":217,"column":22}},"loc":{"start":{"line":217,"column":41},"end":{"line":250,"column":1}},"line":217},"5":{"name":"(anonymous_5)","decl":{"start":{"line":253,"column":25},"end":{"line":253,"column":26}},"loc":{"start":{"line":253,"column":45},"end":{"line":306,"column":1}},"line":253},"6":{"name":"(anonymous_6)","decl":{"start":{"line":293,"column":48},"end":{"line":293,"column":49}},"loc":{"start":{"line":293,"column":53},"end":{"line":293,"column":61}},"line":293},"7":{"name":"(anonymous_7)","decl":{"start":{"line":294,"column":48},"end":{"line":294,"column":49}},"loc":{"start":{"line":294,"column":53},"end":{"line":294,"column":65}},"line":294},"8":{"name":"(anonymous_8)","decl":{"start":{"line":309,"column":22},"end":{"line":309,"column":23}},"loc":{"start":{"line":309,"column":42},"end":{"line":344,"column":1}},"line":309},"9":{"name":"(anonymous_9)","decl":{"start":{"line":328,"column":22},"end":{"line":328,"column":23}},"loc":{"start":{"line":328,"column":30},"end":{"line":334,"column":9}},"line":328}},"branchMap":{"0":{"loc":{"start":{"line":64,"column":12},"end":{"line":64,"column":20}},"type":"default-arg","locations":[{"start":{"line":64,"column":19},"end":{"line":64,"column":20}}],"line":64},"1":{"loc":{"start":{"line":65,"column":12},"end":{"line":65,"column":22}},"type":"default-arg","locations":[{"start":{"line":65,"column":20},"end":{"line":65,"column":22}}],"line":65},"2":{"loc":{"start":{"line":68,"column":12},"end":{"line":68,"column":32}},"type":"default-arg","locations":[{"start":{"line":68,"column":21},"end":{"line":68,"column":32}}],"line":68},"3":{"loc":{"start":{"line":69,"column":12},"end":{"line":69,"column":30}},"type":"default-arg","locations":[{"start":{"line":69,"column":24},"end":{"line":69,"column":30}}],"line":69},"4":{"loc":{"start":{"line":77,"column":8},"end":{"line":86,"column":9}},"type":"if","locations":[{"start":{"line":77,"column":8},"end":{"line":86,"column":9}},{"start":{"line":80,"column":15},"end":{"line":86,"column":9}}],"line":77},"5":{"loc":{"start":{"line":80,"column":15},"end":{"line":86,"column":9}},"type":"if","locations":[{"start":{"line":80,"column":15},"end":{"line":86,"column":9}},{"start":{"line":82,"column":15},"end":{"line":86,"column":9}}],"line":80},"6":{"loc":{"start":{"line":82,"column":15},"end":{"line":86,"column":9}},"type":"if","locations":[{"start":{"line":82,"column":15},"end":{"line":86,"column":9}},{"start":{"line":84,"column":15},"end":{"line":86,"column":9}}],"line":82},"7":{"loc":{"start":{"line":84,"column":15},"end":{"line":86,"column":9}},"type":"if","locations":[{"start":{"line":84,"column":15},"end":{"line":86,"column":9}},{"start":{},"end":{}}],"line":84},"8":{"loc":{"start":{"line":88,"column":8},"end":{"line":90,"column":9}},"type":"if","locations":[{"start":{"line":88,"column":8},"end":{"line":90,"column":9}},{"start":{},"end":{}}],"line":88},"9":{"loc":{"start":{"line":131,"column":12},"end":{"line":131,"column":27}},"type":"default-arg","locations":[{"start":{"line":131,"column":21},"end":{"line":131,"column":27}}],"line":131},"10":{"loc":{"start":{"line":132,"column":12},"end":{"line":132,"column":25}},"type":"default-arg","locations":[{"start":{"line":132,"column":23},"end":{"line":132,"column":25}}],"line":132},"11":{"loc":{"start":{"line":133,"column":12},"end":{"line":133,"column":23}},"type":"default-arg","locations":[{"start":{"line":133,"column":22},"end":{"line":133,"column":23}}],"line":133},"12":{"loc":{"start":{"line":134,"column":12},"end":{"line":134,"column":28}},"type":"default-arg","locations":[{"start":{"line":134,"column":24},"end":{"line":134,"column":28}}],"line":134},"13":{"loc":{"start":{"line":135,"column":12},"end":{"line":135,"column":28}},"type":"default-arg","locations":[{"start":{"line":135,"column":26},"end":{"line":135,"column":28}}],"line":135},"14":{"loc":{"start":{"line":151,"column":16},"end":{"line":153,"column":17}},"type":"if","locations":[{"start":{"line":151,"column":16},"end":{"line":153,"column":17}},{"start":{},"end":{}}],"line":151},"15":{"loc":{"start":{"line":154,"column":21},"end":{"line":154,"column":88}},"type":"binary-expr","locations":[{"start":{"line":154,"column":21},"end":{"line":154,"column":41}},{"start":{"line":154,"column":45},"end":{"line":154,"column":88}}],"line":154},"16":{"loc":{"start":{"line":164,"column":27},"end":{"line":164,"column":65}},"type":"cond-expr","locations":[{"start":{"line":164,"column":39},"end":{"line":164,"column":58}},{"start":{"line":164,"column":61},"end":{"line":164,"column":65}}],"line":164},"17":{"loc":{"start":{"line":193,"column":8},"end":{"line":195,"column":9}},"type":"if","locations":[{"start":{"line":193,"column":8},"end":{"line":195,"column":9}},{"start":{},"end":{}}],"line":193},"18":{"loc":{"start":{"line":198,"column":22},"end":{"line":198,"column":75}},"type":"cond-expr","locations":[{"start":{"line":198,"column":47},"end":{"line":198,"column":55}},{"start":{"line":198,"column":58},"end":{"line":198,"column":75}}],"line":198},"19":{"loc":{"start":{"line":199,"column":21},"end":{"line":199,"column":71}},"type":"cond-expr","locations":[{"start":{"line":199,"column":45},"end":{"line":199,"column":52}},{"start":{"line":199,"column":55},"end":{"line":199,"column":71}}],"line":199},"20":{"loc":{"start":{"line":200,"column":23},"end":{"line":200,"column":110}},"type":"cond-expr","locations":[{"start":{"line":200,"column":50},"end":{"line":200,"column":88}},{"start":{"line":200,"column":92},"end":{"line":200,"column":110}}],"line":200},"21":{"loc":{"start":{"line":200,"column":50},"end":{"line":200,"column":88}},"type":"cond-expr","locations":[{"start":{"line":200,"column":62},"end":{"line":200,"column":81}},{"start":{"line":200,"column":84},"end":{"line":200,"column":88}}],"line":200},"22":{"loc":{"start":{"line":201,"column":25},"end":{"line":201,"column":87}},"type":"cond-expr","locations":[{"start":{"line":201,"column":53},"end":{"line":201,"column":64}},{"start":{"line":201,"column":67},"end":{"line":201,"column":87}}],"line":201},"23":{"loc":{"start":{"line":222,"column":8},"end":{"line":224,"column":9}},"type":"if","locations":[{"start":{"line":222,"column":8},"end":{"line":224,"column":9}},{"start":{},"end":{}}],"line":222},"24":{"loc":{"start":{"line":229,"column":8},"end":{"line":236,"column":9}},"type":"if","locations":[{"start":{"line":229,"column":8},"end":{"line":236,"column":9}},{"start":{},"end":{}}],"line":229},"25":{"loc":{"start":{"line":263,"column":8},"end":{"line":267,"column":9}},"type":"if","locations":[{"start":{"line":263,"column":8},"end":{"line":267,"column":9}},{"start":{},"end":{}}],"line":263},"26":{"loc":{"start":{"line":263,"column":12},"end":{"line":263,"column":32}},"type":"binary-expr","locations":[{"start":{"line":263,"column":12},"end":{"line":263,"column":21}},{"start":{"line":263,"column":25},"end":{"line":263,"column":32}}],"line":263},"27":{"loc":{"start":{"line":269,"column":8},"end":{"line":271,"column":9}},"type":"if","locations":[{"start":{"line":269,"column":8},"end":{"line":271,"column":9}},{"start":{},"end":{}}],"line":269},"28":{"loc":{"start":{"line":314,"column":8},"end":{"line":318,"column":9}},"type":"if","locations":[{"start":{"line":314,"column":8},"end":{"line":318,"column":9}},{"start":{"line":316,"column":15},"end":{"line":318,"column":9}}],"line":314},"29":{"loc":{"start":{"line":316,"column":15},"end":{"line":318,"column":9}},"type":"if","locations":[{"start":{"line":316,"column":15},"end":{"line":318,"column":9}},{"start":{},"end":{}}],"line":316},"30":{"loc":{"start":{"line":329,"column":27},"end":{"line":329,"column":62}},"type":"cond-expr","locations":[{"start":{"line":329,"column":43},"end":{"line":329,"column":50}},{"start":{"line":329,"column":53},"end":{"line":329,"column":62}}],"line":329},"31":{"loc":{"start":{"line":330,"column":30},"end":{"line":330,"column":85}},"type":"cond-expr","locations":[{"start":{"line":330,"column":47},"end":{"line":330,"column":75}},{"start":{"line":330,"column":78},"end":{"line":330,"column":85}}],"line":330}},"s":{"0":0,"1":0,"2":0,"3":0,"4":0,"5":0,"6":0,"7":0,"8":0,"9":0,"10":0,"11":0,"12":0,"13":0,"14":0,"15":0,"16":0,"17":0,"18":0,"19":0,"20":0,"21":0,"22":0,"23":0,"24":0,"25":0,"26":0,"27":0,"28":0,"29":0,"30":0,"31":0,"32":0,"33":0,"34":0,"35":0,"36":0,"37":0,"38":0,"39":0,"40":0,"41":0,"42":0,"43":0,"44":0,"45":0,"46":0,"47":0,"48":0,"49":0,"50":0,"51":0,"52":0,"53":0,"54":0,"55":0,"56":0,"57":0,"58":0,"59":0,"60":0,"61":0,"62":0,"63":0,"64":0,"65":0,"66":0,"67":0,"68":0,"69":0,"70":0,"71":0,"72":0,"73":0,"74":0,"75":0,"76":0,"77":0,"78":0,"79":0,"80":0,"81":0,"82":0,"83":0,"84":0,"85":0,"86":0,"87":0,"88":0,"89":0,"90":0,"91":0,"92":0,"93":0,"94":0,"95":0,"96":0,"97":0,"98":0,"99":0,"100":0,"101":0,"102":0,"103":0,"104":0,"105":0,"106":0,"107":0,"108":0,"109":0,"110":0,"111":0},"f":{"0":0,"1":0,"2":0,"3":0,"4":0,"5":0,"6":0,"7":0,"8":0,"9":0},"b":{"0":[0],"1":[0],"2":[0],"3":[0],"4":[0,0],"5":[0,0],"6":[0,0],"7":[0,0],"8":[0,0],"9":[0],"10":[0],"11":[0],"12":[0],"13":[0],"14":[0,0],"15":[0,0],"16":[0,0],"17":[0,0],"18":[0,0],"19":[0,0],"20":[0,0],"21":[0,0],"22":[0,0],"23":[0,0],"24":[0,0],"25":[0,0],"26":[0,0],"27":[0,0],"28":[0,0],"29":[0,0],"30":[0,0],"31":[0,0]}}
,"/workspace/backend/controllers/atsController.js": {"path":"/workspace/backend/controllers/atsController.js","statementMap":{"0":{"start":{"line":1,"column":19},"end":{"line":1,"column":52}},"1":{"start":{"line":2,"column":32},"end":{"line":2,"column":78}},"2":{"start":{"line":3,"column":11},"end":{"line":3,"column":24}},"3":{"start":{"line":4,"column":13},"end":{"line":4,"column":38}},"4":{"start":{"line":5,"column":24},"end":{"line":5,"column":60}},"5":{"start":{"line":7,"column":0},"end":{"line":282,"column":2}},"6":{"start":{"line":8,"column":2},"end":{"line":281,"column":3}},"7":{"start":{"line":9,"column":4},"end":{"line":9,"column":58}},"8":{"start":{"line":12,"column":19},"end":{"line":12,"column":31}},"9":{"start":{"line":13,"column":4},"end":{"line":15,"column":5}},"10":{"start":{"line":14,"column":6},"end":{"line":14,"column":73}},"11":{"start":{"line":17,"column":17},"end":{"line":17,"column":44}},"12":{"start":{"line":18,"column":4},"end":{"line":20,"column":5}},"13":{"start":{"line":19,"column":6},"end":{"line":19,"column":72}},"14":{"start":{"line":23,"column":20},"end":{"line":23,"column":37}},"15":{"start":{"line":24,"column":4},"end":{"line":29,"column":5}},"16":{"start":{"line":25,"column":6},"end":{"line":28,"column":9}},"17":{"start":{"line":30,"column":23},"end":{"line":30,"column":37}},"18":{"start":{"line":31,"column":21},"end":{"line":31,"column":58}},"19":{"start":{"line":32,"column":4},"end":{"line":36,"column":5}},"20":{"start":{"line":33,"column":19},"end":{"line":33,"column":34}},"21":{"start":{"line":34,"column":6},"end":{"line":34,"column":57}},"22":{"start":{"line":35,"column":6},"end":{"line":35,"column":73}},"23":{"start":{"line":37,"column":4},"end":{"line":37,"column":52}},"24":{"start":{"line":38,"column":4},"end":{"line":41,"column":5}},"25":{"start":{"line":39,"column":6},"end":{"line":39,"column":76}},"26":{"start":{"line":40,"column":6},"end":{"line":40,"column":97}},"27":{"start":{"line":42,"column":4},"end":{"line":45,"column":5}},"28":{"start":{"line":43,"column":6},"end":{"line":43,"column":75}},"29":{"start":{"line":44,"column":6},"end":{"line":44,"column":115}},"30":{"start":{"line":46,"column":4},"end":{"line":49,"column":5}},"31":{"start":{"line":47,"column":6},"end":{"line":47,"column":71}},"32":{"start":{"line":48,"column":6},"end":{"line":48,"column":129}},"33":{"start":{"line":53,"column":4},"end":{"line":64,"column":5}},"34":{"start":{"line":54,"column":6},"end":{"line":54,"column":65}},"35":{"start":{"line":56,"column":6},"end":{"line":56,"column":31}},"36":{"start":{"line":56,"column":19},"end":{"line":56,"column":31}},"37":{"start":{"line":57,"column":6},"end":{"line":57,"column":41}},"38":{"start":{"line":57,"column":24},"end":{"line":57,"column":41}},"39":{"start":{"line":59,"column":6},"end":{"line":59,"column":63}},"40":{"start":{"line":60,"column":6},"end":{"line":63,"column":9}},"41":{"start":{"line":67,"column":26},"end":{"line":67,"column":59}},"42":{"start":{"line":68,"column":23},"end":{"line":68,"column":62}},"43":{"start":{"line":71,"column":19},"end":{"line":71,"column":21}},"44":{"start":{"line":72,"column":4},"end":{"line":77,"column":5}},"45":{"start":{"line":73,"column":6},"end":{"line":76,"column":29}},"46":{"start":{"line":74,"column":20},"end":{"line":74,"column":63}},"47":{"start":{"line":75,"column":24},"end":{"line":75,"column":39}},"48":{"start":{"line":78,"column":4},"end":{"line":78,"column":112}},"49":{"start":{"line":81,"column":21},"end":{"line":83,"column":5}},"50":{"start":{"line":82,"column":6},"end":{"line":82,"column":59}},"51":{"start":{"line":85,"column":4},"end":{"line":149,"column":5}},"52":{"start":{"line":86,"column":6},"end":{"line":86,"column":86}},"53":{"start":{"line":89,"column":6},"end":{"line":89,"column":36}},"54":{"start":{"line":92,"column":6},"end":{"line":95,"column":7}},"55":{"start":{"line":93,"column":8},"end":{"line":93,"column":73}},"56":{"start":{"line":94,"column":8},"end":{"line":94,"column":25}},"57":{"start":{"line":97,"column":6},"end":{"line":127,"column":7}},"58":{"start":{"line":97,"column":19},"end":{"line":97,"column":20}},"59":{"start":{"line":98,"column":24},"end":{"line":100,"column":9}},"60":{"start":{"line":99,"column":10},"end":{"line":99,"column":65}},"61":{"start":{"line":99,"column":36},"end":{"line":99,"column":64}},"62":{"start":{"line":102,"column":8},"end":{"line":126,"column":9}},"63":{"start":{"line":104,"column":10},"end":{"line":112,"column":11}},"64":{"start":{"line":105,"column":12},"end":{"line":108,"column":14}},"65":{"start":{"line":110,"column":12},"end":{"line":110,"column":64}},"66":{"start":{"line":111,"column":12},"end":{"line":111,"column":70}},"67":{"start":{"line":114,"column":10},"end":{"line":125,"column":13}},"68":{"start":{"line":130,"column":6},"end":{"line":148,"column":8}},"69":{"start":{"line":152,"column":110},"end":{"line":152,"column":151}},"70":{"start":{"line":153,"column":4},"end":{"line":234,"column":5}},"71":{"start":{"line":155,"column":24},"end":{"line":155,"column":43}},"72":{"start":{"line":156,"column":6},"end":{"line":156,"column":53}},"73":{"start":{"line":160,"column":31},"end":{"line":160,"column":84}},"74":{"start":{"line":163,"column":28},"end":{"line":163,"column":70}},"75":{"start":{"line":165,"column":6},"end":{"line":165,"column":53}},"76":{"start":{"line":168,"column":6},"end":{"line":168,"column":68}},"77":{"start":{"line":168,"column":54},"end":{"line":168,"column":66}},"78":{"start":{"line":170,"column":24},"end":{"line":170,"column":77}},"79":{"start":{"line":171,"column":23},"end":{"line":171,"column":70}},"80":{"start":{"line":171,"column":47},"end":{"line":171,"column":69}},"81":{"start":{"line":174,"column":6},"end":{"line":176,"column":8}},"82":{"start":{"line":175,"column":8},"end":{"line":175,"column":40}},"83":{"start":{"line":179,"column":6},"end":{"line":181,"column":8}},"84":{"start":{"line":180,"column":8},"end":{"line":180,"column":39}},"85":{"start":{"line":184,"column":6},"end":{"line":184,"column":46}},"86":{"start":{"line":185,"column":6},"end":{"line":185,"column":45}},"87":{"start":{"line":188,"column":6},"end":{"line":194,"column":8}},"88":{"start":{"line":190,"column":63},"end":{"line":190,"column":79}},"89":{"start":{"line":197,"column":30},"end":{"line":197,"column":72}},"90":{"start":{"line":198,"column":28},"end":{"line":198,"column":48}},"91":{"start":{"line":199,"column":27},"end":{"line":199,"column":43}},"92":{"start":{"line":200,"column":27},"end":{"line":200,"column":42}},"93":{"start":{"line":204,"column":6},"end":{"line":214,"column":7}},"94":{"start":{"line":205,"column":8},"end":{"line":205,"column":45}},"95":{"start":{"line":206,"column":13},"end":{"line":214,"column":7}},"96":{"start":{"line":207,"column":8},"end":{"line":207,"column":39}},"97":{"start":{"line":208,"column":13},"end":{"line":214,"column":7}},"98":{"start":{"line":209,"column":8},"end":{"line":209,"column":44}},"99":{"start":{"line":210,"column":13},"end":{"line":214,"column":7}},"100":{"start":{"line":211,"column":8},"end":{"line":211,"column":42}},"101":{"start":{"line":213,"column":8},"end":{"line":213,"column":44}},"102":{"start":{"line":216,"column":6},"end":{"line":227,"column":11}},"103":{"start":{"line":232,"column":6},"end":{"line":232,"column":29}},"104":{"start":{"line":233,"column":6},"end":{"line":233,"column":31}},"105":{"start":{"line":239,"column":4},"end":{"line":250,"column":5}},"106":{"start":{"line":241,"column":25},"end":{"line":241,"column":48}},"107":{"start":{"line":242,"column":6},"end":{"line":242,"column":49}},"108":{"start":{"line":243,"column":6},"end":{"line":243,"column":108}},"109":{"start":{"line":246,"column":6},"end":{"line":246,"column":44}},"110":{"start":{"line":248,"column":6},"end":{"line":248,"column":70}},"111":{"start":{"line":253,"column":4},"end":{"line":266,"column":5}},"112":{"start":{"line":254,"column":23},"end":{"line":254,"column":62}},"113":{"start":{"line":255,"column":6},"end":{"line":261,"column":9}},"114":{"start":{"line":262,"column":6},"end":{"line":262,"column":79}},"115":{"start":{"line":264,"column":6},"end":{"line":264,"column":75}},"116":{"start":{"line":268,"column":4},"end":{"line":268,"column":37}},"117":{"start":{"line":270,"column":4},"end":{"line":270,"column":88}},"118":{"start":{"line":271,"column":4},"end":{"line":271,"column":21}},"119":{"start":{"line":273,"column":4},"end":{"line":280,"column":5}},"120":{"start":{"line":275,"column":6},"end":{"line":275,"column":86}},"121":{"start":{"line":276,"column":6},"end":{"line":276,"column":73}},"122":{"start":{"line":278,"column":6},"end":{"line":278,"column":64}},"123":{"start":{"line":279,"column":6},"end":{"line":279,"column":77}},"124":{"start":{"line":285,"column":0},"end":{"line":317,"column":2}},"125":{"start":{"line":286,"column":2},"end":{"line":316,"column":3}},"126":{"start":{"line":287,"column":19},"end":{"line":287,"column":31}},"127":{"start":{"line":288,"column":4},"end":{"line":290,"column":5}},"128":{"start":{"line":289,"column":6},"end":{"line":289,"column":73}},"129":{"start":{"line":292,"column":21},"end":{"line":296,"column":6}},"130":{"start":{"line":298,"column":30},"end":{"line":310,"column":7}},"131":{"start":{"line":298,"column":56},"end":{"line":310,"column":5}},"132":{"start":{"line":312,"column":4},"end":{"line":312,"column":32}},"133":{"start":{"line":314,"column":4},"end":{"line":314,"column":58}},"134":{"start":{"line":315,"column":4},"end":{"line":315,"column":77}},"135":{"start":{"line":320,"column":0},"end":{"line":352,"column":2}},"136":{"start":{"line":321,"column":2},"end":{"line":351,"column":3}},"137":{"start":{"line":322,"column":19},"end":{"line":322,"column":31}},"138":{"start":{"line":323,"column":23},"end":{"line":323,"column":36}},"139":{"start":{"line":325,"column":4},"end":{"line":327,"column":5}},"140":{"start":{"line":326,"column":6},"end":{"line":326,"column":73}},"141":{"start":{"line":329,"column":21},"end":{"line":334,"column":6}},"142":{"start":{"line":336,"column":4},"end":{"line":338,"column":5}},"143":{"start":{"line":337,"column":6},"end":{"line":337,"column":72}},"144":{"start":{"line":341,"column":19},"end":{"line":341,"column":34}},"145":{"start":{"line":344,"column":4},"end":{"line":344,"column":35}},"146":{"start":{"line":345,"column":4},"end":{"line":345,"column":45}},"147":{"start":{"line":347,"column":4},"end":{"line":347,"column":21}},"148":{"start":{"line":349,"column":4},"end":{"line":349,"column":56}},"149":{"start":{"line":350,"column":4},"end":{"line":350,"column":63}}},"fnMap":{"0":{"name":"(anonymous_0)","decl":{"start":{"line":7,"column":18},"end":{"line":7,"column":19}},"loc":{"start":{"line":7,"column":38},"end":{"line":282,"column":1}},"line":7},"1":{"name":"(anonymous_1)","decl":{"start":{"line":74,"column":13},"end":{"line":74,"column":14}},"loc":{"start":{"line":74,"column":20},"end":{"line":74,"column":63}},"line":74},"2":{"name":"(anonymous_2)","decl":{"start":{"line":75,"column":16},"end":{"line":75,"column":17}},"loc":{"start":{"line":75,"column":24},"end":{"line":75,"column":39}},"line":75},"3":{"name":"(anonymous_3)","decl":{"start":{"line":81,"column":37},"end":{"line":81,"column":38}},"loc":{"start":{"line":82,"column":6},"end":{"line":82,"column":59}},"line":82},"4":{"name":"(anonymous_4)","decl":{"start":{"line":98,"column":41},"end":{"line":98,"column":42}},"loc":{"start":{"line":99,"column":10},"end":{"line":99,"column":65}},"line":99},"5":{"name":"(anonymous_5)","decl":{"start":{"line":99,"column":24},"end":{"line":99,"column":25}},"loc":{"start":{"line":99,"column":36},"end":{"line":99,"column":64}},"line":99},"6":{"name":"(anonymous_6)","decl":{"start":{"line":168,"column":46},"end":{"line":168,"column":47}},"loc":{"start":{"line":168,"column":54},"end":{"line":168,"column":66}},"line":168},"7":{"name":"(anonymous_7)","decl":{"start":{"line":171,"column":42},"end":{"line":171,"column":43}},"loc":{"start":{"line":171,"column":47},"end":{"line":171,"column":69}},"line":171},"8":{"name":"(anonymous_8)","decl":{"start":{"line":174,"column":68},"end":{"line":174,"column":69}},"loc":{"start":{"line":175,"column":8},"end":{"line":175,"column":40}},"line":175},"9":{"name":"(anonymous_9)","decl":{"start":{"line":179,"column":68},"end":{"line":179,"column":69}},"loc":{"start":{"line":180,"column":8},"end":{"line":180,"column":39}},"line":180},"10":{"name":"(anonymous_10)","decl":{"start":{"line":190,"column":48},"end":{"line":190,"column":49}},"loc":{"start":{"line":190,"column":63},"end":{"line":190,"column":79}},"line":190},"11":{"name":"(anonymous_11)","decl":{"start":{"line":268,"column":26},"end":{"line":268,"column":27}},"loc":{"start":{"line":268,"column":32},"end":{"line":268,"column":35}},"line":268},"12":{"name":"(anonymous_12)","decl":{"start":{"line":285,"column":29},"end":{"line":285,"column":30}},"loc":{"start":{"line":285,"column":49},"end":{"line":317,"column":1}},"line":285},"13":{"name":"(anonymous_13)","decl":{"start":{"line":298,"column":43},"end":{"line":298,"column":44}},"loc":{"start":{"line":298,"column":56},"end":{"line":310,"column":5}},"line":298},"14":{"name":"(anonymous_14)","decl":{"start":{"line":320,"column":26},"end":{"line":320,"column":27}},"loc":{"start":{"line":320,"column":46},"end":{"line":352,"column":1}},"line":320}},"branchMap":{"0":{"loc":{"start":{"line":13,"column":4},"end":{"line":15,"column":5}},"type":"if","locations":[{"start":{"line":13,"column":4},"end":{"line":15,"column":5}},{"start":{},"end":{}}],"line":13},"1":{"loc":{"start":{"line":18,"column":4},"end":{"line":20,"column":5}},"type":"if","locations":[{"start":{"line":18,"column":4},"end":{"line":20,"column":5}},{"start":{},"end":{}}],"line":18},"2":{"loc":{"start":{"line":23,"column":20},"end":{"line":23,"column":37}},"type":"binary-expr","locations":[{"start":{"line":23,"column":20},"end":{"line":23,"column":32}},{"start":{"line":23,"column":36},"end":{"line":23,"column":37}}],"line":23},"3":{"loc":{"start":{"line":24,"column":4},"end":{"line":29,"column":5}},"type":"if","locations":[{"start":{"line":24,"column":4},"end":{"line":29,"column":5}},{"start":{},"end":{}}],"line":24},"4":{"loc":{"start":{"line":31,"column":32},"end":{"line":31,"column":57}},"type":"binary-expr","locations":[{"start":{"line":31,"column":32},"end":{"line":31,"column":49}},{"start":{"line":31,"column":53},"end":{"line":31,"column":57}}],"line":31},"5":{"loc":{"start":{"line":32,"column":4},"end":{"line":36,"column":5}},"type":"if","locations":[{"start":{"line":32,"column":4},"end":{"line":36,"column":5}},{"start":{},"end":{}}],"line":32},"6":{"loc":{"start":{"line":38,"column":4},"end":{"line":41,"column":5}},"type":"if","locations":[{"start":{"line":38,"column":4},"end":{"line":41,"column":5}},{"start":{},"end":{}}],"line":38},"7":{"loc":{"start":{"line":38,"column":8},"end":{"line":38,"column":39}},"type":"binary-expr","locations":[{"start":{"line":38,"column":8},"end":{"line":38,"column":19}},{"start":{"line":38,"column":23},"end":{"line":38,"column":39}}],"line":38},"8":{"loc":{"start":{"line":42,"column":4},"end":{"line":45,"column":5}},"type":"if","locations":[{"start":{"line":42,"column":4},"end":{"line":45,"column":5}},{"start":{},"end":{}}],"line":42},"9":{"loc":{"start":{"line":46,"column":4},"end":{"line":49,"column":5}},"type":"if","locations":[{"start":{"line":46,"column":4},"end":{"line":49,"column":5}},{"start":{},"end":{}}],"line":46},"10":{"loc":{"start":{"line":56,"column":6},"end":{"line":56,"column":31}},"type":"if","locations":[{"start":{"line":56,"column":6},"end":{"line":56,"column":31}},{"start":{},"end":{}}],"line":56},"11":{"loc":{"start":{"line":57,"column":6},"end":{"line":57,"column":41}},"type":"if","locations":[{"start":{"line":57,"column":6},"end":{"line":57,"column":41}},{"start":{},"end":{}}],"line":57},"12":{"loc":{"start":{"line":62,"column":17},"end":{"line":62,"column":83}},"type":"cond-expr","locations":[{"start":{"line":62,"column":58},"end":{"line":62,"column":71}},{"start":{"line":62,"column":74},"end":{"line":62,"column":83}}],"line":62},"13":{"loc":{"start":{"line":72,"column":4},"end":{"line":77,"column":5}},"type":"if","locations":[{"start":{"line":72,"column":4},"end":{"line":77,"column":5}},{"start":{},"end":{}}],"line":72},"14":{"loc":{"start":{"line":72,"column":8},"end":{"line":72,"column":49}},"type":"binary-expr","locations":[{"start":{"line":72,"column":8},"end":{"line":72,"column":19}},{"start":{"line":72,"column":23},"end":{"line":72,"column":49}}],"line":72},"15":{"loc":{"start":{"line":74,"column":21},"end":{"line":74,"column":55}},"type":"binary-expr","locations":[{"start":{"line":74,"column":21},"end":{"line":74,"column":36}},{"start":{"line":74,"column":40},"end":{"line":74,"column":49}},{"start":{"line":74,"column":53},"end":{"line":74,"column":55}}],"line":74},"16":{"loc":{"start":{"line":78,"column":78},"end":{"line":78,"column":102}},"type":"binary-expr","locations":[{"start":{"line":78,"column":78},"end":{"line":78,"column":97}},{"start":{"line":78,"column":101},"end":{"line":78,"column":102}}],"line":78},"17":{"loc":{"start":{"line":82,"column":6},"end":{"line":82,"column":59}},"type":"binary-expr","locations":[{"start":{"line":82,"column":6},"end":{"line":82,"column":30}},{"start":{"line":82,"column":34},"end":{"line":82,"column":59}}],"line":82},"18":{"loc":{"start":{"line":85,"column":4},"end":{"line":149,"column":5}},"type":"if","locations":[{"start":{"line":85,"column":4},"end":{"line":149,"column":5}},{"start":{},"end":{}}],"line":85},"19":{"loc":{"start":{"line":85,"column":8},"end":{"line":85,"column":72}},"type":"binary-expr","locations":[{"start":{"line":85,"column":8},"end":{"line":85,"column":27}},{"start":{"line":85,"column":31},"end":{"line":85,"column":42}},{"start":{"line":85,"column":46},"end":{"line":85,"column":72}}],"line":85},"20":{"loc":{"start":{"line":92,"column":6},"end":{"line":95,"column":7}},"type":"if","locations":[{"start":{"line":92,"column":6},"end":{"line":95,"column":7}},{"start":{},"end":{}}],"line":92},"21":{"loc":{"start":{"line":99,"column":36},"end":{"line":99,"column":64}},"type":"binary-expr","locations":[{"start":{"line":99,"column":36},"end":{"line":99,"column":39}},{"start":{"line":99,"column":43},"end":{"line":99,"column":64}}],"line":99},"22":{"loc":{"start":{"line":102,"column":8},"end":{"line":126,"column":9}},"type":"if","locations":[{"start":{"line":102,"column":8},"end":{"line":126,"column":9}},{"start":{},"end":{}}],"line":102},"23":{"loc":{"start":{"line":102,"column":12},"end":{"line":102,"column":42}},"type":"binary-expr","locations":[{"start":{"line":102,"column":12},"end":{"line":102,"column":19}},{"start":{"line":102,"column":23},"end":{"line":102,"column":42}}],"line":102},"24":{"loc":{"start":{"line":115,"column":23},"end":{"line":115,"column":57}},"type":"binary-expr","locations":[{"start":{"line":115,"column":23},"end":{"line":115,"column":36}},{"start":{"line":115,"column":40},"end":{"line":115,"column":57}}],"line":115},"25":{"loc":{"start":{"line":153,"column":4},"end":{"line":234,"column":5}},"type":"if","locations":[{"start":{"line":153,"column":4},"end":{"line":234,"column":5}},{"start":{},"end":{}}],"line":153},"26":{"loc":{"start":{"line":153,"column":8},"end":{"line":153,"column":84}},"type":"binary-expr","locations":[{"start":{"line":153,"column":8},"end":{"line":153,"column":27}},{"start":{"line":153,"column":31},"end":{"line":153,"column":65}},{"start":{"line":153,"column":69},"end":{"line":153,"column":84}}],"line":153},"27":{"loc":{"start":{"line":193,"column":26},"end":{"line":193,"column":116}},"type":"cond-expr","locations":[{"start":{"line":193,"column":53},"end":{"line":193,"column":112}},{"start":{"line":193,"column":115},"end":{"line":193,"column":116}}],"line":193},"28":{"loc":{"start":{"line":204,"column":6},"end":{"line":214,"column":7}},"type":"if","locations":[{"start":{"line":204,"column":6},"end":{"line":214,"column":7}},{"start":{"line":206,"column":13},"end":{"line":214,"column":7}}],"line":204},"29":{"loc":{"start":{"line":206,"column":13},"end":{"line":214,"column":7}},"type":"if","locations":[{"start":{"line":206,"column":13},"end":{"line":214,"column":7}},{"start":{"line":208,"column":13},"end":{"line":214,"column":7}}],"line":206},"30":{"loc":{"start":{"line":208,"column":13},"end":{"line":214,"column":7}},"type":"if","locations":[{"start":{"line":208,"column":13},"end":{"line":214,"column":7}},{"start":{"line":210,"column":13},"end":{"line":214,"column":7}}],"line":208},"31":{"loc":{"start":{"line":210,"column":13},"end":{"line":214,"column":7}},"type":"if","locations":[{"start":{"line":210,"column":13},"end":{"line":214,"column":7}},{"start":{"line":212,"column":13},"end":{"line":214,"column":7}}],"line":210},"32":{"loc":{"start":{"line":216,"column":209},"end":{"line":218,"column":88}},"type":"cond-expr","locations":[{"start":{"line":217,"column":10},"end":{"line":217,"column":83}},{"start":{"line":218,"column":10},"end":{"line":218,"column":88}}],"line":216},"33":{"loc":{"start":{"line":219,"column":12},"end":{"line":221,"column":71}},"type":"cond-expr","locations":[{"start":{"line":220,"column":12},"end":{"line":220,"column":129}},{"start":{"line":221,"column":12},"end":{"line":221,"column":71}}],"line":219},"34":{"loc":{"start":{"line":222,"column":12},"end":{"line":226,"column":130}},"type":"cond-expr","locations":[{"start":{"line":223,"column":12},"end":{"line":223,"column":89}},{"start":{"line":224,"column":12},"end":{"line":226,"column":130}}],"line":222},"35":{"loc":{"start":{"line":224,"column":12},"end":{"line":226,"column":130}},"type":"cond-expr","locations":[{"start":{"line":225,"column":14},"end":{"line":225,"column":109}},{"start":{"line":226,"column":14},"end":{"line":226,"column":130}}],"line":224},"36":{"loc":{"start":{"line":241,"column":26},"end":{"line":241,"column":43}},"type":"binary-expr","locations":[{"start":{"line":241,"column":26},"end":{"line":241,"column":38}},{"start":{"line":241,"column":42},"end":{"line":241,"column":43}}],"line":241},"37":{"loc":{"start":{"line":254,"column":23},"end":{"line":254,"column":62}},"type":"binary-expr","locations":[{"start":{"line":254,"column":23},"end":{"line":254,"column":45}},{"start":{"line":254,"column":49},"end":{"line":254,"column":62}}],"line":254},"38":{"loc":{"start":{"line":273,"column":4},"end":{"line":280,"column":5}},"type":"if","locations":[{"start":{"line":273,"column":4},"end":{"line":280,"column":5}},{"start":{"line":277,"column":11},"end":{"line":280,"column":5}}],"line":273},"39":{"loc":{"start":{"line":279,"column":36},"end":{"line":279,"column":73}},"type":"binary-expr","locations":[{"start":{"line":279,"column":36},"end":{"line":279,"column":47}},{"start":{"line":279,"column":51},"end":{"line":279,"column":73}}],"line":279},"40":{"loc":{"start":{"line":288,"column":4},"end":{"line":290,"column":5}},"type":"if","locations":[{"start":{"line":288,"column":4},"end":{"line":290,"column":5}},{"start":{},"end":{}}],"line":288},"41":{"loc":{"start":{"line":303,"column":16},"end":{"line":303,"column":77}},"type":"cond-expr","locations":[{"start":{"line":303,"column":50},"end":{"line":303,"column":73}},{"start":{"line":303,"column":76},"end":{"line":303,"column":77}}],"line":303},"42":{"loc":{"start":{"line":306,"column":35},"end":{"line":306,"column":74}},"type":"binary-expr","locations":[{"start":{"line":306,"column":35},"end":{"line":306,"column":50}},{"start":{"line":306,"column":54},"end":{"line":306,"column":74}}],"line":306},"43":{"loc":{"start":{"line":307,"column":24},"end":{"line":307,"column":71}},"type":"binary-expr","locations":[{"start":{"line":307,"column":24},"end":{"line":307,"column":39}},{"start":{"line":307,"column":43},"end":{"line":307,"column":71}}],"line":307},"44":{"loc":{"start":{"line":308,"column":27},"end":{"line":308,"column":97}},"type":"binary-expr","locations":[{"start":{"line":308,"column":27},"end":{"line":308,"column":42}},{"start":{"line":308,"column":47},"end":{"line":308,"column":69}},{"start":{"line":308,"column":73},"end":{"line":308,"column":96}}],"line":308},"45":{"loc":{"start":{"line":325,"column":4},"end":{"line":327,"column":5}},"type":"if","locations":[{"start":{"line":325,"column":4},"end":{"line":327,"column":5}},{"start":{},"end":{}}],"line":325},"46":{"loc":{"start":{"line":336,"column":4},"end":{"line":338,"column":5}},"type":"if","locations":[{"start":{"line":336,"column":4},"end":{"line":338,"column":5}},{"start":{},"end":{}}],"line":336}},"s":{"0":1,"1":1,"2":1,"3":1,"4":1,"5":1,"6":8,"7":8,"8":8,"9":8,"10":1,"11":7,"12":7,"13":1,"14":6,"15":6,"16":1,"17":5,"18":5,"19":5,"20":4,"21":4,"22":4,"23":5,"24":5,"25":1,"26":1,"27":4,"28":1,"29":1,"30":3,"31":1,"32":1,"33":2,"34":2,"35":1,"36":0,"37":1,"38":0,"39":1,"40":1,"41":1,"42":1,"43":1,"44":1,"45":1,"46":3,"47":3,"48":1,"49":1,"50":3,"51":1,"52":0,"53":0,"54":0,"55":0,"56":0,"57":0,"58":0,"59":0,"60":0,"61":0,"62":0,"63":0,"64":0,"65":0,"66":0,"67":0,"68":0,"69":1,"70":1,"71":0,"72":0,"73":0,"74":0,"75":0,"76":0,"77":0,"78":0,"79":0,"80":0,"81":0,"82":0,"83":0,"84":0,"85":0,"86":0,"87":0,"88":0,"89":0,"90":0,"91":0,"92":0,"93":0,"94":0,"95":0,"96":0,"97":0,"98":0,"99":0,"100":0,"101":0,"102":0,"103":0,"104":0,"105":1,"106":1,"107":1,"108":1,"109":1,"110":0,"111":1,"112":1,"113":1,"114":1,"115":0,"116":1,"117":1,"118":1,"119":0,"120":0,"121":0,"122":0,"123":0,"124":1,"125":0,"126":0,"127":0,"128":0,"129":0,"130":0,"131":0,"132":0,"133":0,"134":0,"135":1,"136":0,"137":0,"138":0,"139":0,"140":0,"141":0,"142":0,"143":0,"144":0,"145":0,"146":0,"147":0,"148":0,"149":0},"f":{"0":8,"1":3,"2":3,"3":3,"4":0,"5":0,"6":0,"7":0,"8":0,"9":0,"10":0,"11":0,"12":0,"13":0,"14":0},"b":{"0":[1,7],"1":[1,6],"2":[6,1],"3":[1,5],"4":[5,0],"5":[4,1],"6":[1,4],"7":[5,4],"8":[1,3],"9":[1,2],"10":[0,1],"11":[0,1],"12":[0,1],"13":[1,0],"14":[1,1],"15":[3,0,0],"16":[1,0],"17":[3,3],"18":[0,1],"19":[1,0,0],"20":[0,0],"21":[0,0],"22":[0,0],"23":[0,0],"24":[0,0],"25":[0,1],"26":[1,0,0],"27":[0,0],"28":[0,0],"29":[0,0],"30":[0,0],"31":[0,0],"32":[0,0],"33":[0,0],"34":[0,0],"35":[0,0],"36":[1,0],"37":[1,1],"38":[0,0],"39":[0,0],"40":[0,0],"41":[0,0],"42":[0,0],"43":[0,0],"44":[0,0,0],"45":[0,0],"46":[0,0]},"_coverageSchema":"1a1c01bbd47fc00a2c39e90264f33305004495a9","hash":"fe22c9a0efc22d9c118b5677b51595af8d7f6333"}
,"/workspace/backend/controllers/contactController.js": {"path":"/workspace/backend/controllers/contactController.js","statementMap":{"0":{"start":{"line":1,"column":29},"end":{"line":1,"column":64}},"1":{"start":{"line":2,"column":19},"end":{"line":2,"column":45}},"2":{"start":{"line":5,"column":20},"end":{"line":62,"column":1}},"3":{"start":{"line":6,"column":4},"end":{"line":61,"column":5}},"4":{"start":{"line":7,"column":50},"end":{"line":7,"column":58}},"5":{"start":{"line":10,"column":8},"end":{"line":15,"column":9}},"6":{"start":{"line":11,"column":12},"end":{"line":14,"column":15}},"7":{"start":{"line":18,"column":27},"end":{"line":18,"column":55}},"8":{"start":{"line":19,"column":8},"end":{"line":24,"column":9}},"9":{"start":{"line":20,"column":12},"end":{"line":23,"column":15}},"10":{"start":{"line":27,"column":27},"end":{"line":36,"column":9}},"11":{"start":{"line":38,"column":28},"end":{"line":38,"column":58}},"12":{"start":{"line":41,"column":8},"end":{"line":46,"column":11}},"13":{"start":{"line":48,"column":8},"end":{"line":48,"column":87}},"14":{"start":{"line":50,"column":8},"end":{"line":53,"column":11}},"15":{"start":{"line":56,"column":8},"end":{"line":56,"column":64}},"16":{"start":{"line":57,"column":8},"end":{"line":60,"column":11}},"17":{"start":{"line":64,"column":0},"end":{"line":66,"column":2}}},"fnMap":{"0":{"name":"(anonymous_0)","decl":{"start":{"line":5,"column":20},"end":{"line":5,"column":21}},"loc":{"start":{"line":5,"column":40},"end":{"line":62,"column":1}},"line":5}},"branchMap":{"0":{"loc":{"start":{"line":10,"column":8},"end":{"line":15,"column":9}},"type":"if","locations":[{"start":{"line":10,"column":8},"end":{"line":15,"column":9}},{"start":{},"end":{}}],"line":10},"1":{"loc":{"start":{"line":10,"column":12},"end":{"line":10,"column":51}},"type":"binary-expr","locations":[{"start":{"line":10,"column":12},"end":{"line":10,"column":17}},{"start":{"line":10,"column":21},"end":{"line":10,"column":27}},{"start":{"line":10,"column":31},"end":{"line":10,"column":39}},{"start":{"line":10,"column":43},"end":{"line":10,"column":51}}],"line":10},"2":{"loc":{"start":{"line":19,"column":8},"end":{"line":24,"column":9}},"type":"if","locations":[{"start":{"line":19,"column":8},"end":{"line":24,"column":9}},{"start":{},"end":{}}],"line":19},"3":{"loc":{"start":{"line":38,"column":28},"end":{"line":38,"column":58}},"type":"binary-expr","locations":[{"start":{"line":38,"column":28},"end":{"line":38,"column":47}},{"start":{"line":38,"column":51},"end":{"line":38,"column":58}}],"line":38}},"s":{"0":0,"1":0,"2":0,"3":0,"4":0,"5":0,"6":0,"7":0,"8":0,"9":0,"10":0,"11":0,"12":0,"13":0,"14":0,"15":0,"16":0,"17":0},"f":{"0":0},"b":{"0":[0,0],"1":[0,0,0,0],"2":[0,0],"3":[0,0]}}
,"/workspace/backend/controllers/giftCodeController.js": {"path":"/workspace/backend/controllers/giftCodeController.js","statementMap":{"0":{"start":{"line":1,"column":17},"end":{"line":1,"column":46}},"1":{"start":{"line":2,"column":13},"end":{"line":2,"column":38}},"2":{"start":{"line":3,"column":22},"end":{"line":3,"column":56}},"3":{"start":{"line":6,"column":0},"end":{"line":63,"column":2}},"4":{"start":{"line":7,"column":2},"end":{"line":62,"column":3}},"5":{"start":{"line":8,"column":21},"end":{"line":8,"column":29}},"6":{"start":{"line":10,"column":4},"end":{"line":10,"column":46}},"7":{"start":{"line":12,"column":4},"end":{"line":14,"column":5}},"8":{"start":{"line":13,"column":6},"end":{"line":13,"column":82}},"9":{"start":{"line":16,"column":21},"end":{"line":16,"column":64}},"10":{"start":{"line":18,"column":4},"end":{"line":24,"column":5}},"11":{"start":{"line":19,"column":6},"end":{"line":19,"column":52}},"12":{"start":{"line":20,"column":6},"end":{"line":23,"column":9}},"13":{"start":{"line":27,"column":4},"end":{"line":33,"column":5}},"14":{"start":{"line":28,"column":6},"end":{"line":28,"column":45}},"15":{"start":{"line":29,"column":6},"end":{"line":32,"column":9}},"16":{"start":{"line":36,"column":4},"end":{"line":42,"column":5}},"17":{"start":{"line":37,"column":6},"end":{"line":37,"column":99}},"18":{"start":{"line":38,"column":6},"end":{"line":41,"column":9}},"19":{"start":{"line":45,"column":4},"end":{"line":51,"column":5}},"20":{"start":{"line":46,"column":6},"end":{"line":46,"column":46}},"21":{"start":{"line":47,"column":6},"end":{"line":50,"column":9}},"22":{"start":{"line":53,"column":4},"end":{"line":53,"column":42}},"23":{"start":{"line":54,"column":4},"end":{"line":58,"column":7}},"24":{"start":{"line":60,"column":4},"end":{"line":60,"column":66}},"25":{"start":{"line":61,"column":4},"end":{"line":61,"column":65}},"26":{"start":{"line":66,"column":0},"end":{"line":165,"column":2}},"27":{"start":{"line":67,"column":2},"end":{"line":164,"column":3}},"28":{"start":{"line":68,"column":21},"end":{"line":68,"column":29}},"29":{"start":{"line":69,"column":19},"end":{"line":69,"column":31}},"30":{"start":{"line":71,"column":4},"end":{"line":71,"column":71}},"31":{"start":{"line":73,"column":4},"end":{"line":75,"column":5}},"32":{"start":{"line":74,"column":6},"end":{"line":74,"column":73}},"33":{"start":{"line":77,"column":4},"end":{"line":79,"column":5}},"34":{"start":{"line":78,"column":6},"end":{"line":78,"column":82}},"35":{"start":{"line":82,"column":21},"end":{"line":82,"column":64}},"36":{"start":{"line":84,"column":4},"end":{"line":89,"column":5}},"37":{"start":{"line":85,"column":6},"end":{"line":88,"column":9}},"38":{"start":{"line":92,"column":4},"end":{"line":97,"column":5}},"39":{"start":{"line":93,"column":6},"end":{"line":96,"column":9}},"40":{"start":{"line":100,"column":4},"end":{"line":105,"column":5}},"41":{"start":{"line":101,"column":6},"end":{"line":104,"column":9}},"42":{"start":{"line":108,"column":4},"end":{"line":113,"column":5}},"43":{"start":{"line":109,"column":6},"end":{"line":112,"column":9}},"44":{"start":{"line":116,"column":26},"end":{"line":121,"column":6}},"45":{"start":{"line":123,"column":4},"end":{"line":128,"column":5}},"46":{"start":{"line":124,"column":6},"end":{"line":127,"column":9}},"47":{"start":{"line":131,"column":17},"end":{"line":131,"column":44}},"48":{"start":{"line":132,"column":4},"end":{"line":134,"column":5}},"49":{"start":{"line":133,"column":6},"end":{"line":133,"column":72}},"50":{"start":{"line":137,"column":4},"end":{"line":140,"column":7}},"51":{"start":{"line":143,"column":4},"end":{"line":143,"column":65}},"52":{"start":{"line":146,"column":23},"end":{"line":146,"column":46}},"53":{"start":{"line":147,"column":4},"end":{"line":147,"column":47}},"54":{"start":{"line":149,"column":4},"end":{"line":149,"column":92}},"55":{"start":{"line":151,"column":4},"end":{"line":157,"column":7}},"56":{"start":{"line":159,"column":4},"end":{"line":159,"column":66}},"57":{"start":{"line":160,"column":4},"end":{"line":163,"column":7}},"58":{"start":{"line":168,"column":0},"end":{"line":202,"column":2}},"59":{"start":{"line":169,"column":2},"end":{"line":201,"column":3}},"60":{"start":{"line":170,"column":41},"end":{"line":170,"column":49}},"61":{"start":{"line":171,"column":19},"end":{"line":171,"column":31}},"62":{"start":{"line":173,"column":4},"end":{"line":175,"column":5}},"63":{"start":{"line":174,"column":6},"end":{"line":174,"column":80}},"64":{"start":{"line":178,"column":25},"end":{"line":178,"column":68}},"65":{"start":{"line":179,"column":4},"end":{"line":181,"column":5}},"66":{"start":{"line":180,"column":6},"end":{"line":180,"column":71}},"67":{"start":{"line":184,"column":21},"end":{"line":191,"column":6}},"68":{"start":{"line":193,"column":4},"end":{"line":197,"column":7}},"69":{"start":{"line":199,"column":4},"end":{"line":199,"column":64}},"70":{"start":{"line":200,"column":4},"end":{"line":200,"column":80}}},"fnMap":{"0":{"name":"(anonymous_0)","decl":{"start":{"line":6,"column":23},"end":{"line":6,"column":24}},"loc":{"start":{"line":6,"column":43},"end":{"line":63,"column":1}},"line":6},"1":{"name":"(anonymous_1)","decl":{"start":{"line":66,"column":20},"end":{"line":66,"column":21}},"loc":{"start":{"line":66,"column":40},"end":{"line":165,"column":1}},"line":66},"2":{"name":"(anonymous_2)","decl":{"start":{"line":168,"column":21},"end":{"line":168,"column":22}},"loc":{"start":{"line":168,"column":41},"end":{"line":202,"column":1}},"line":168}},"branchMap":{"0":{"loc":{"start":{"line":12,"column":4},"end":{"line":14,"column":5}},"type":"if","locations":[{"start":{"line":12,"column":4},"end":{"line":14,"column":5}},{"start":{},"end":{}}],"line":12},"1":{"loc":{"start":{"line":18,"column":4},"end":{"line":24,"column":5}},"type":"if","locations":[{"start":{"line":18,"column":4},"end":{"line":24,"column":5}},{"start":{},"end":{}}],"line":18},"2":{"loc":{"start":{"line":27,"column":4},"end":{"line":33,"column":5}},"type":"if","locations":[{"start":{"line":27,"column":4},"end":{"line":33,"column":5}},{"start":{},"end":{}}],"line":27},"3":{"loc":{"start":{"line":36,"column":4},"end":{"line":42,"column":5}},"type":"if","locations":[{"start":{"line":36,"column":4},"end":{"line":42,"column":5}},{"start":{},"end":{}}],"line":36},"4":{"loc":{"start":{"line":45,"column":4},"end":{"line":51,"column":5}},"type":"if","locations":[{"start":{"line":45,"column":4},"end":{"line":51,"column":5}},{"start":{},"end":{}}],"line":45},"5":{"loc":{"start":{"line":45,"column":8},"end":{"line":45,"column":61}},"type":"binary-expr","locations":[{"start":{"line":45,"column":8},"end":{"line":45,"column":26}},{"start":{"line":45,"column":30},"end":{"line":45,"column":61}}],"line":45},"6":{"loc":{"start":{"line":73,"column":4},"end":{"line":75,"column":5}},"type":"if","locations":[{"start":{"line":73,"column":4},"end":{"line":75,"column":5}},{"start":{},"end":{}}],"line":73},"7":{"loc":{"start":{"line":77,"column":4},"end":{"line":79,"column":5}},"type":"if","locations":[{"start":{"line":77,"column":4},"end":{"line":79,"column":5}},{"start":{},"end":{}}],"line":77},"8":{"loc":{"start":{"line":84,"column":4},"end":{"line":89,"column":5}},"type":"if","locations":[{"start":{"line":84,"column":4},"end":{"line":89,"column":5}},{"start":{},"end":{}}],"line":84},"9":{"loc":{"start":{"line":92,"column":4},"end":{"line":97,"column":5}},"type":"if","locations":[{"start":{"line":92,"column":4},"end":{"line":97,"column":5}},{"start":{},"end":{}}],"line":92},"10":{"loc":{"start":{"line":100,"column":4},"end":{"line":105,"column":5}},"type":"if","locations":[{"start":{"line":100,"column":4},"end":{"line":105,"column":5}},{"start":{},"end":{}}],"line":100},"11":{"loc":{"start":{"line":108,"column":4},"end":{"line":113,"column":5}},"type":"if","locations":[{"start":{"line":108,"column":4},"end":{"line":113,"column":5}},{"start":{},"end":{}}],"line":108},"12":{"loc":{"start":{"line":108,"column":8},"end":{"line":108,"column":61}},"type":"binary-expr","locations":[{"start":{"line":108,"column":8},"end":{"line":108,"column":26}},{"start":{"line":108,"column":30},"end":{"line":108,"column":61}}],"line":108},"13":{"loc":{"start":{"line":123,"column":4},"end":{"line":128,"column":5}},"type":"if","locations":[{"start":{"line":123,"column":4},"end":{"line":128,"column":5}},{"start":{},"end":{}}],"line":123},"14":{"loc":{"start":{"line":132,"column":4},"end":{"line":134,"column":5}},"type":"if","locations":[{"start":{"line":132,"column":4},"end":{"line":134,"column":5}},{"start":{},"end":{}}],"line":132},"15":{"loc":{"start":{"line":146,"column":24},"end":{"line":146,"column":41}},"type":"binary-expr","locations":[{"start":{"line":146,"column":24},"end":{"line":146,"column":36}},{"start":{"line":146,"column":40},"end":{"line":146,"column":41}}],"line":146},"16":{"loc":{"start":{"line":173,"column":4},"end":{"line":175,"column":5}},"type":"if","locations":[{"start":{"line":173,"column":4},"end":{"line":175,"column":5}},{"start":{},"end":{}}],"line":173},"17":{"loc":{"start":{"line":179,"column":4},"end":{"line":181,"column":5}},"type":"if","locations":[{"start":{"line":179,"column":4},"end":{"line":181,"column":5}},{"start":{},"end":{}}],"line":179},"18":{"loc":{"start":{"line":186,"column":15},"end":{"line":186,"column":27}},"type":"binary-expr","locations":[{"start":{"line":186,"column":15},"end":{"line":186,"column":22}},{"start":{"line":186,"column":26},"end":{"line":186,"column":27}}],"line":186},"19":{"loc":{"start":{"line":187,"column":17},"end":{"line":187,"column":34}},"type":"binary-expr","locations":[{"start":{"line":187,"column":17},"end":{"line":187,"column":26}},{"start":{"line":187,"column":30},"end":{"line":187,"column":34}}],"line":187}},"s":{"0":0,"1":0,"2":0,"3":0,"4":0,"5":0,"6":0,"7":0,"8":0,"9":0,"10":0,"11":0,"12":0,"13":0,"14":0,"15":0,"16":0,"17":0,"18":0,"19":0,"20":0,"21":0,"22":0,"23":0,"24":0,"25":0,"26":0,"27":0,"28":0,"29":0,"30":0,"31":0,"32":0,"33":0,"34":0,"35":0,"36":0,"37":0,"38":0,"39":0,"40":0,"41":0,"42":0,"43":0,"44":0,"45":0,"46":0,"47":0,"48":0,"49":0,"50":0,"51":0,"52":0,"53":0,"54":0,"55":0,"56":0,"57":0,"58":0,"59":0,"60":0,"61":0,"62":0,"63":0,"64":0,"65":0,"66":0,"67":0,"68":0,"69":0,"70":0},"f":{"0":0,"1":0,"2":0},"b":{"0":[0,0],"1":[0,0],"2":[0,0],"3":[0,0],"4":[0,0],"5":[0,0],"6":[0,0],"7":[0,0],"8":[0,0],"9":[0,0],"10":[0,0],"11":[0,0],"12":[0,0],"13":[0,0],"14":[0,0],"15":[0,0],"16":[0,0],"17":[0,0],"18":[0,0],"19":[0,0]}}
,"/workspace/backend/controllers/passwordResetController.js": {"path":"/workspace/backend/controllers/passwordResetController.js","statementMap":{"0":{"start":{"line":1,"column":15},"end":{"line":1,"column":32}},"1":{"start":{"line":2,"column":15},"end":{"line":2,"column":32}},"2":{"start":{"line":3,"column":13},"end":{"line":3,"column":38}},"3":{"start":{"line":4,"column":18},"end":{"line":4,"column":34}},"4":{"start":{"line":5,"column":22},"end":{"line":5,"column":67}},"5":{"start":{"line":6,"column":35},"end":{"line":6,"column":70}},"6":{"start":{"line":7,"column":19},"end":{"line":7,"column":45}},"7":{"start":{"line":10,"column":29},"end":{"line":69,"column":1}},"8":{"start":{"line":11,"column":4},"end":{"line":68,"column":5}},"9":{"start":{"line":12,"column":26},"end":{"line":12,"column":34}},"10":{"start":{"line":14,"column":8},"end":{"line":19,"column":9}},"11":{"start":{"line":15,"column":12},"end":{"line":18,"column":15}},"12":{"start":{"line":22,"column":21},"end":{"line":22,"column":61}},"13":{"start":{"line":24,"column":8},"end":{"line":30,"column":9}},"14":{"start":{"line":26,"column":12},"end":{"line":29,"column":15}},"15":{"start":{"line":33,"column":8},"end":{"line":35,"column":11}},"16":{"start":{"line":38,"column":22},"end":{"line":38,"column":60}},"17":{"start":{"line":39,"column":26},"end":{"line":39,"column":63}},"18":{"start":{"line":42,"column":8},"end":{"line":46,"column":11}},"19":{"start":{"line":49,"column":8},"end":{"line":55,"column":9}},"20":{"start":{"line":50,"column":12},"end":{"line":50,"column":71}},"21":{"start":{"line":51,"column":12},"end":{"line":51,"column":65}},"22":{"start":{"line":53,"column":12},"end":{"line":53,"column":71}},"23":{"start":{"line":57,"column":8},"end":{"line":60,"column":11}},"24":{"start":{"line":63,"column":8},"end":{"line":63,"column":65}},"25":{"start":{"line":64,"column":8},"end":{"line":67,"column":11}},"26":{"start":{"line":72,"column":25},"end":{"line":129,"column":1}},"27":{"start":{"line":73,"column":4},"end":{"line":128,"column":5}},"28":{"start":{"line":74,"column":26},"end":{"line":74,"column":36}},"29":{"start":{"line":76,"column":8},"end":{"line":81,"column":9}},"30":{"start":{"line":77,"column":12},"end":{"line":80,"column":15}},"31":{"start":{"line":84,"column":29},"end":{"line":92,"column":10}},"32":{"start":{"line":94,"column":8},"end":{"line":99,"column":9}},"33":{"start":{"line":95,"column":12},"end":{"line":98,"column":15}},"34":{"start":{"line":102,"column":21},"end":{"line":104,"column":10}},"35":{"start":{"line":106,"column":8},"end":{"line":111,"column":9}},"36":{"start":{"line":107,"column":12},"end":{"line":110,"column":15}},"37":{"start":{"line":113,"column":8},"end":{"line":120,"column":11}},"38":{"start":{"line":123,"column":8},"end":{"line":123,"column":56}},"39":{"start":{"line":124,"column":8},"end":{"line":127,"column":11}},"40":{"start":{"line":132,"column":29},"end":{"line":206,"column":1}},"41":{"start":{"line":133,"column":4},"end":{"line":205,"column":5}},"42":{"start":{"line":134,"column":39},"end":{"line":134,"column":47}},"43":{"start":{"line":136,"column":8},"end":{"line":141,"column":9}},"44":{"start":{"line":137,"column":12},"end":{"line":140,"column":15}},"45":{"start":{"line":144,"column":8},"end":{"line":149,"column":9}},"46":{"start":{"line":145,"column":12},"end":{"line":148,"column":15}},"47":{"start":{"line":152,"column":29},"end":{"line":160,"column":10}},"48":{"start":{"line":162,"column":8},"end":{"line":167,"column":9}},"49":{"start":{"line":163,"column":12},"end":{"line":166,"column":15}},"50":{"start":{"line":170,"column":21},"end":{"line":170,"column":61}},"51":{"start":{"line":172,"column":8},"end":{"line":177,"column":9}},"52":{"start":{"line":173,"column":12},"end":{"line":176,"column":15}},"53":{"start":{"line":180,"column":31},"end":{"line":180,"column":65}},"54":{"start":{"line":183,"column":8},"end":{"line":185,"column":11}},"55":{"start":{"line":188,"column":8},"end":{"line":190,"column":11}},"56":{"start":{"line":192,"column":8},"end":{"line":192,"column":68}},"57":{"start":{"line":194,"column":8},"end":{"line":197,"column":11}},"58":{"start":{"line":200,"column":8},"end":{"line":200,"column":65}},"59":{"start":{"line":201,"column":8},"end":{"line":204,"column":11}},"60":{"start":{"line":209,"column":29},"end":{"line":225,"column":1}},"61":{"start":{"line":210,"column":4},"end":{"line":224,"column":5}},"62":{"start":{"line":211,"column":24},"end":{"line":217,"column":10}},"63":{"start":{"line":219,"column":8},"end":{"line":221,"column":9}},"64":{"start":{"line":220,"column":12},"end":{"line":220,"column":65}},"65":{"start":{"line":223,"column":8},"end":{"line":223,"column":64}},"66":{"start":{"line":227,"column":0},"end":{"line":232,"column":2}}},"fnMap":{"0":{"name":"(anonymous_0)","decl":{"start":{"line":10,"column":29},"end":{"line":10,"column":30}},"loc":{"start":{"line":10,"column":49},"end":{"line":69,"column":1}},"line":10},"1":{"name":"(anonymous_1)","decl":{"start":{"line":72,"column":25},"end":{"line":72,"column":26}},"loc":{"start":{"line":72,"column":45},"end":{"line":129,"column":1}},"line":72},"2":{"name":"(anonymous_2)","decl":{"start":{"line":132,"column":29},"end":{"line":132,"column":30}},"loc":{"start":{"line":132,"column":49},"end":{"line":206,"column":1}},"line":132},"3":{"name":"(anonymous_3)","decl":{"start":{"line":209,"column":29},"end":{"line":209,"column":30}},"loc":{"start":{"line":209,"column":41},"end":{"line":225,"column":1}},"line":209}},"branchMap":{"0":{"loc":{"start":{"line":14,"column":8},"end":{"line":19,"column":9}},"type":"if","locations":[{"start":{"line":14,"column":8},"end":{"line":19,"column":9}},{"start":{},"end":{}}],"line":14},"1":{"loc":{"start":{"line":24,"column":8},"end":{"line":30,"column":9}},"type":"if","locations":[{"start":{"line":24,"column":8},"end":{"line":30,"column":9}},{"start":{},"end":{}}],"line":24},"2":{"loc":{"start":{"line":76,"column":8},"end":{"line":81,"column":9}},"type":"if","locations":[{"start":{"line":76,"column":8},"end":{"line":81,"column":9}},{"start":{},"end":{}}],"line":76},"3":{"loc":{"start":{"line":94,"column":8},"end":{"line":99,"column":9}},"type":"if","locations":[{"start":{"line":94,"column":8},"end":{"line":99,"column":9}},{"start":{},"end":{}}],"line":94},"4":{"loc":{"start":{"line":106,"column":8},"end":{"line":111,"column":9}},"type":"if","locations":[{"start":{"line":106,"column":8},"end":{"line":111,"column":9}},{"start":{},"end":{}}],"line":106},"5":{"loc":{"start":{"line":136,"column":8},"end":{"line":141,"column":9}},"type":"if","locations":[{"start":{"line":136,"column":8},"end":{"line":141,"column":9}},{"start":{},"end":{}}],"line":136},"6":{"loc":{"start":{"line":136,"column":12},"end":{"line":136,"column":34}},"type":"binary-expr","locations":[{"start":{"line":136,"column":12},"end":{"line":136,"column":18}},{"start":{"line":136,"column":22},"end":{"line":136,"column":34}}],"line":136},"7":{"loc":{"start":{"line":144,"column":8},"end":{"line":149,"column":9}},"type":"if","locations":[{"start":{"line":144,"column":8},"end":{"line":149,"column":9}},{"start":{},"end":{}}],"line":144},"8":{"loc":{"start":{"line":162,"column":8},"end":{"line":167,"column":9}},"type":"if","locations":[{"start":{"line":162,"column":8},"end":{"line":167,"column":9}},{"start":{},"end":{}}],"line":162},"9":{"loc":{"start":{"line":172,"column":8},"end":{"line":177,"column":9}},"type":"if","locations":[{"start":{"line":172,"column":8},"end":{"line":177,"column":9}},{"start":{},"end":{}}],"line":172},"10":{"loc":{"start":{"line":219,"column":8},"end":{"line":221,"column":9}},"type":"if","locations":[{"start":{"line":219,"column":8},"end":{"line":221,"column":9}},{"start":{},"end":{}}],"line":219}},"s":{"0":0,"1":0,"2":0,"3":0,"4":0,"5":0,"6":0,"7":0,"8":0,"9":0,"10":0,"11":0,"12":0,"13":0,"14":0,"15":0,"16":0,"17":0,"18":0,"19":0,"20":0,"21":0,"22":0,"23":0,"24":0,"25":0,"26":0,"27":0,"28":0,"29":0,"30":0,"31":0,"32":0,"33":0,"34":0,"35":0,"36":0,"37":0,"38":0,"39":0,"40":0,"41":0,"42":0,"43":0,"44":0,"45":0,"46":0,"47":0,"48":0,"49":0,"50":0,"51":0,"52":0,"53":0,"54":0,"55":0,"56":0,"57":0,"58":0,"59":0,"60":0,"61":0,"62":0,"63":0,"64":0,"65":0,"66":0},"f":{"0":0,"1":0,"2":0,"3":0},"b":{"0":[0,0],"1":[0,0],"2":[0,0],"3":[0,0],"4":[0,0],"5":[0,0],"6":[0,0],"7":[0,0],"8":[0,0],"9":[0,0],"10":[0,0]}}
,"/workspace/backend/controllers/paymentController.js": {"path":"/workspace/backend/controllers/paymentController.js","statementMap":{"0":{"start":{"line":2,"column":15},"end":{"line":2,"column":47}},"1":{"start":{"line":4,"column":13},"end":{"line":4,"column":17}},"2":{"start":{"line":8,"column":2},"end":{"line":57,"column":3}},"3":{"start":{"line":10,"column":25},"end":{"line":10,"column":38}},"4":{"start":{"line":11,"column":20},"end":{"line":11,"column":42}},"5":{"start":{"line":14,"column":4},"end":{"line":22,"column":5}},"6":{"start":{"line":15,"column":6},"end":{"line":15,"column":106}},"7":{"start":{"line":18,"column":6},"end":{"line":18,"column":73}},"8":{"start":{"line":20,"column":6},"end":{"line":20,"column":103}},"9":{"start":{"line":21,"column":6},"end":{"line":21,"column":115}},"10":{"start":{"line":26,"column":29},"end":{"line":26,"column":102}},"11":{"start":{"line":28,"column":4},"end":{"line":51,"column":5}},"12":{"start":{"line":29,"column":21},"end":{"line":29,"column":38}},"13":{"start":{"line":30,"column":6},"end":{"line":30,"column":33}},"14":{"start":{"line":32,"column":6},"end":{"line":32,"column":66}},"15":{"start":{"line":33,"column":6},"end":{"line":33,"column":68}},"16":{"start":{"line":34,"column":6},"end":{"line":34,"column":74}},"17":{"start":{"line":35,"column":6},"end":{"line":35,"column":127}},"18":{"start":{"line":36,"column":6},"end":{"line":36,"column":76}},"19":{"start":{"line":37,"column":6},"end":{"line":37,"column":18}},"20":{"start":{"line":39,"column":6},"end":{"line":39,"column":80}},"21":{"start":{"line":40,"column":6},"end":{"line":40,"column":72}},"22":{"start":{"line":41,"column":6},"end":{"line":41,"column":75}},"23":{"start":{"line":42,"column":6},"end":{"line":42,"column":83}},"24":{"start":{"line":43,"column":6},"end":{"line":43,"column":106}},"25":{"start":{"line":44,"column":6},"end":{"line":44,"column":106}},"26":{"start":{"line":46,"column":6},"end":{"line":48,"column":7}},"27":{"start":{"line":47,"column":8},"end":{"line":47,"column":95}},"28":{"start":{"line":50,"column":6},"end":{"line":50,"column":19}},"29":{"start":{"line":53,"column":4},"end":{"line":53,"column":79}},"30":{"start":{"line":54,"column":4},"end":{"line":54,"column":75}},"31":{"start":{"line":55,"column":4},"end":{"line":55,"column":18}},"32":{"start":{"line":56,"column":4},"end":{"line":56,"column":17}},"33":{"start":{"line":62,"column":2},"end":{"line":65,"column":3}},"34":{"start":{"line":63,"column":4},"end":{"line":63,"column":65}},"35":{"start":{"line":64,"column":4},"end":{"line":64,"column":30}},"36":{"start":{"line":66,"column":2},"end":{"line":66,"column":14}},"37":{"start":{"line":70,"column":0},"end":{"line":70,"column":19}},"38":{"start":{"line":72,"column":20},"end":{"line":72,"column":52}},"39":{"start":{"line":73,"column":13},"end":{"line":73,"column":38}},"40":{"start":{"line":76,"column":0},"end":{"line":239,"column":2}},"41":{"start":{"line":77,"column":2},"end":{"line":238,"column":3}},"42":{"start":{"line":79,"column":4},"end":{"line":87,"column":5}},"43":{"start":{"line":80,"column":6},"end":{"line":80,"column":86}},"44":{"start":{"line":81,"column":6},"end":{"line":86,"column":7}},"45":{"start":{"line":82,"column":8},"end":{"line":85,"column":11}},"46":{"start":{"line":89,"column":68},"end":{"line":89,"column":76}},"47":{"start":{"line":91,"column":4},"end":{"line":93,"column":5}},"48":{"start":{"line":92,"column":6},"end":{"line":92,"column":85}},"49":{"start":{"line":96,"column":26},"end":{"line":96,"column":62}},"50":{"start":{"line":98,"column":4},"end":{"line":98,"column":105}},"51":{"start":{"line":101,"column":19},"end":{"line":101,"column":55}},"52":{"start":{"line":102,"column":22},"end":{"line":102,"column":123}},"53":{"start":{"line":104,"column":33},"end":{"line":114,"column":5}},"54":{"start":{"line":116,"column":4},"end":{"line":121,"column":7}},"55":{"start":{"line":124,"column":4},"end":{"line":167,"column":5}},"56":{"start":{"line":126,"column":6},"end":{"line":129,"column":8}},"57":{"start":{"line":132,"column":6},"end":{"line":136,"column":7}},"58":{"start":{"line":133,"column":8},"end":{"line":133,"column":74}},"59":{"start":{"line":134,"column":8},"end":{"line":134,"column":45}},"60":{"start":{"line":135,"column":8},"end":{"line":135,"column":58}},"61":{"start":{"line":138,"column":6},"end":{"line":138,"column":68}},"62":{"start":{"line":139,"column":11},"end":{"line":167,"column":5}},"63":{"start":{"line":141,"column":6},"end":{"line":141,"column":61}},"64":{"start":{"line":144,"column":25},"end":{"line":160,"column":7}},"65":{"start":{"line":162,"column":6},"end":{"line":162,"column":60}},"66":{"start":{"line":163,"column":6},"end":{"line":163,"column":68}},"67":{"start":{"line":166,"column":6},"end":{"line":166,"column":82}},"68":{"start":{"line":170,"column":26},"end":{"line":170,"column":82}},"69":{"start":{"line":171,"column":4},"end":{"line":171,"column":71}},"70":{"start":{"line":174,"column":21},"end":{"line":176,"column":5}},"71":{"start":{"line":179,"column":4},"end":{"line":187,"column":5}},"72":{"start":{"line":181,"column":6},"end":{"line":185,"column":8}},"73":{"start":{"line":186,"column":6},"end":{"line":186,"column":73}},"74":{"start":{"line":189,"column":4},"end":{"line":229,"column":5}},"75":{"start":{"line":191,"column":6},"end":{"line":209,"column":7}},"76":{"start":{"line":192,"column":28},"end":{"line":203,"column":10}},"77":{"start":{"line":205,"column":8},"end":{"line":205,"column":78}},"78":{"start":{"line":206,"column":8},"end":{"line":206,"column":48}},"79":{"start":{"line":208,"column":8},"end":{"line":208,"column":83}},"80":{"start":{"line":212,"column":6},"end":{"line":212,"column":134}},"81":{"start":{"line":215,"column":6},"end":{"line":228,"column":7}},"82":{"start":{"line":216,"column":8},"end":{"line":227,"column":9}},"83":{"start":{"line":217,"column":23},"end":{"line":217,"column":55}},"84":{"start":{"line":218,"column":10},"end":{"line":224,"column":11}},"85":{"start":{"line":219,"column":35},"end":{"line":219,"column":52}},"86":{"start":{"line":220,"column":12},"end":{"line":222,"column":15}},"87":{"start":{"line":223,"column":12},"end":{"line":223,"column":121}},"88":{"start":{"line":226,"column":10},"end":{"line":226,"column":89}},"89":{"start":{"line":231,"column":4},"end":{"line":231,"column":23}},"90":{"start":{"line":233,"column":4},"end":{"line":233,"column":77}},"91":{"start":{"line":234,"column":4},"end":{"line":237,"column":7}},"92":{"start":{"line":242,"column":0},"end":{"line":354,"column":2}},"93":{"start":{"line":243,"column":2},"end":{"line":353,"column":3}},"94":{"start":{"line":245,"column":4},"end":{"line":253,"column":5}},"95":{"start":{"line":246,"column":6},"end":{"line":246,"column":86}},"96":{"start":{"line":247,"column":6},"end":{"line":252,"column":7}},"97":{"start":{"line":248,"column":8},"end":{"line":251,"column":11}},"98":{"start":{"line":255,"column":32},"end":{"line":255,"column":40}},"99":{"start":{"line":257,"column":4},"end":{"line":259,"column":5}},"100":{"start":{"line":258,"column":6},"end":{"line":258,"column":79}},"101":{"start":{"line":261,"column":4},"end":{"line":261,"column":74}},"102":{"start":{"line":264,"column":26},"end":{"line":264,"column":79}},"103":{"start":{"line":265,"column":4},"end":{"line":265,"column":77}},"104":{"start":{"line":267,"column":4},"end":{"line":273,"column":5}},"105":{"start":{"line":268,"column":6},"end":{"line":268,"column":90}},"106":{"start":{"line":269,"column":6},"end":{"line":272,"column":9}},"107":{"start":{"line":276,"column":22},"end":{"line":278,"column":6}},"108":{"start":{"line":280,"column":4},"end":{"line":311,"column":5}},"109":{"start":{"line":281,"column":6},"end":{"line":281,"column":99}},"110":{"start":{"line":284,"column":21},"end":{"line":284,"column":50}},"111":{"start":{"line":285,"column":22},"end":{"line":285,"column":62}},"112":{"start":{"line":286,"column":23},"end":{"line":286,"column":54}},"113":{"start":{"line":289,"column":28},"end":{"line":289,"column":44}},"114":{"start":{"line":290,"column":6},"end":{"line":310,"column":7}},"115":{"start":{"line":291,"column":8},"end":{"line":303,"column":11}},"116":{"start":{"line":304,"column":8},"end":{"line":304,"column":92}},"117":{"start":{"line":306,"column":8},"end":{"line":309,"column":11}},"118":{"start":{"line":313,"column":4},"end":{"line":315,"column":5}},"119":{"start":{"line":314,"column":6},"end":{"line":314,"column":73}},"120":{"start":{"line":318,"column":4},"end":{"line":325,"column":7}},"121":{"start":{"line":328,"column":17},"end":{"line":328,"column":56}},"122":{"start":{"line":329,"column":4},"end":{"line":331,"column":5}},"123":{"start":{"line":330,"column":6},"end":{"line":330,"column":71}},"124":{"start":{"line":334,"column":27},"end":{"line":334,"column":44}},"125":{"start":{"line":335,"column":4},"end":{"line":337,"column":7}},"126":{"start":{"line":339,"column":4},"end":{"line":339,"column":120}},"127":{"start":{"line":342,"column":4},"end":{"line":346,"column":7}},"128":{"start":{"line":348,"column":4},"end":{"line":348,"column":69}},"129":{"start":{"line":349,"column":4},"end":{"line":352,"column":7}},"130":{"start":{"line":357,"column":0},"end":{"line":386,"column":2}},"131":{"start":{"line":358,"column":14},"end":{"line":358,"column":45}},"132":{"start":{"line":359,"column":25},"end":{"line":359,"column":58}},"133":{"start":{"line":362,"column":2},"end":{"line":368,"column":3}},"134":{"start":{"line":364,"column":4},"end":{"line":364,"column":77}},"135":{"start":{"line":366,"column":4},"end":{"line":366,"column":67}},"136":{"start":{"line":367,"column":4},"end":{"line":367,"column":65}},"137":{"start":{"line":371,"column":2},"end":{"line":382,"column":3}},"138":{"start":{"line":373,"column":28},"end":{"line":373,"column":45}},"139":{"start":{"line":374,"column":6},"end":{"line":374,"column":51}},"140":{"start":{"line":375,"column":6},"end":{"line":375,"column":12}},"141":{"start":{"line":377,"column":28},"end":{"line":377,"column":45}},"142":{"start":{"line":378,"column":6},"end":{"line":378,"column":47}},"143":{"start":{"line":379,"column":6},"end":{"line":379,"column":12}},"144":{"start":{"line":381,"column":6},"end":{"line":381,"column":55}},"145":{"start":{"line":385,"column":2},"end":{"line":385,"column":31}},"146":{"start":{"line":390,"column":2},"end":{"line":535,"column":3}},"147":{"start":{"line":391,"column":4},"end":{"line":391,"column":88}},"148":{"start":{"line":394,"column":24},"end":{"line":396,"column":6}},"149":{"start":{"line":398,"column":4},"end":{"line":489,"column":5}},"150":{"start":{"line":399,"column":6},"end":{"line":399,"column":100}},"151":{"start":{"line":402,"column":25},"end":{"line":402,"column":58}},"152":{"start":{"line":403,"column":24},"end":{"line":403,"column":56}},"153":{"start":{"line":404,"column":22},"end":{"line":404,"column":62}},"154":{"start":{"line":405,"column":23},"end":{"line":405,"column":54}},"155":{"start":{"line":407,"column":6},"end":{"line":456,"column":7}},"156":{"start":{"line":408,"column":8},"end":{"line":408,"column":84}},"157":{"start":{"line":411,"column":19},"end":{"line":411,"column":71}},"158":{"start":{"line":413,"column":8},"end":{"line":436,"column":9}},"159":{"start":{"line":415,"column":31},"end":{"line":415,"column":74}},"160":{"start":{"line":416,"column":10},"end":{"line":427,"column":13}},"161":{"start":{"line":428,"column":10},"end":{"line":428,"column":94}},"162":{"start":{"line":431,"column":33},"end":{"line":431,"column":50}},"163":{"start":{"line":432,"column":10},"end":{"line":434,"column":13}},"164":{"start":{"line":435,"column":10},"end":{"line":435,"column":107}},"165":{"start":{"line":439,"column":31},"end":{"line":452,"column":10}},"166":{"start":{"line":454,"column":8},"end":{"line":454,"column":96}},"167":{"start":{"line":455,"column":8},"end":{"line":455,"column":15}},"168":{"start":{"line":459,"column":21},"end":{"line":459,"column":50}},"169":{"start":{"line":461,"column":6},"end":{"line":487,"column":7}},"170":{"start":{"line":462,"column":31},"end":{"line":474,"column":10}},"171":{"start":{"line":476,"column":8},"end":{"line":476,"column":87}},"172":{"start":{"line":479,"column":21},"end":{"line":479,"column":48}},"173":{"start":{"line":480,"column":8},"end":{"line":486,"column":9}},"174":{"start":{"line":481,"column":33},"end":{"line":481,"column":50}},"175":{"start":{"line":482,"column":10},"end":{"line":484,"column":13}},"176":{"start":{"line":485,"column":10},"end":{"line":485,"column":105}},"177":{"start":{"line":488,"column":6},"end":{"line":488,"column":13}},"178":{"start":{"line":492,"column":4},"end":{"line":495,"column":5}},"179":{"start":{"line":493,"column":6},"end":{"line":493,"column":95}},"180":{"start":{"line":494,"column":6},"end":{"line":494,"column":13}},"181":{"start":{"line":497,"column":4},"end":{"line":497,"column":73}},"182":{"start":{"line":500,"column":4},"end":{"line":508,"column":7}},"183":{"start":{"line":511,"column":17},"end":{"line":511,"column":56}},"184":{"start":{"line":512,"column":4},"end":{"line":515,"column":5}},"185":{"start":{"line":513,"column":6},"end":{"line":513,"column":92}},"186":{"start":{"line":514,"column":6},"end":{"line":514,"column":13}},"187":{"start":{"line":518,"column":27},"end":{"line":518,"column":44}},"188":{"start":{"line":519,"column":4},"end":{"line":521,"column":7}},"189":{"start":{"line":523,"column":4},"end":{"line":523,"column":64}},"190":{"start":{"line":524,"column":4},"end":{"line":524,"column":68}},"191":{"start":{"line":525,"column":4},"end":{"line":525,"column":127}},"192":{"start":{"line":526,"column":4},"end":{"line":526,"column":61}},"193":{"start":{"line":529,"column":4},"end":{"line":529,"column":82}},"194":{"start":{"line":532,"column":4},"end":{"line":532,"column":67}},"195":{"start":{"line":533,"column":4},"end":{"line":533,"column":79}},"196":{"start":{"line":534,"column":4},"end":{"line":534,"column":59}},"197":{"start":{"line":540,"column":2},"end":{"line":565,"column":3}},"198":{"start":{"line":542,"column":24},"end":{"line":544,"column":6}},"199":{"start":{"line":546,"column":4},"e
[...]
{"line":100,"column":7}},"25":{"start":{"line":102,"column":4},"end":{"line":102,"column":14}},"26":{"start":{"line":105,"column":0},"end":{"line":109,"column":2}}},"fnMap":{"0":{"name":"(anonymous_0)","decl":{"start":{"line":6,"column":38},"end":{"line":6,"column":39}},"loc":{"start":{"line":6,"column":48},"end":{"line":25,"column":1}},"line":6},"1":{"name":"(anonymous_1)","decl":{"start":{"line":18,"column":35},"end":{"line":18,"column":36}},"loc":{"start":{"line":18,"column":42},"end":{"line":22,"column":5}},"line":18},"2":{"name":"(anonymous_2)","decl":{"start":{"line":73,"column":19},"end":{"line":73,"column":20}},"loc":{"start":{"line":73,"column":39},"end":{"line":89,"column":1}},"line":73},"3":{"name":"(anonymous_3)","decl":{"start":{"line":76,"column":21},"end":{"line":76,"column":22}},"loc":{"start":{"line":76,"column":27},"end":{"line":86,"column":5}},"line":76},"4":{"name":"(anonymous_4)","decl":{"start":{"line":92,"column":17},"end":{"line":92,"column":18}},"loc":{"start":{"line":92,"column":42},"end":{"line":103,"column":1}},"line":92}},"branchMap":{"0":{"loc":{"start":{"line":11,"column":4},"end":{"line":15,"column":5}},"type":"if","locations":[{"start":{"line":11,"column":4},"end":{"line":15,"column":5}},{"start":{},"end":{}}],"line":11},"1":{"loc":{"start":{"line":12,"column":28},"end":{"line":14,"column":63}},"type":"cond-expr","locations":[{"start":{"line":13,"column":14},"end":{"line":13,"column":31}},{"start":{"line":14,"column":14},"end":{"line":14,"column":63}}],"line":12},"2":{"loc":{"start":{"line":19,"column":8},"end":{"line":21,"column":9}},"type":"if","locations":[{"start":{"line":19,"column":8},"end":{"line":21,"column":9}},{"start":{},"end":{}}],"line":19},"3":{"loc":{"start":{"line":19,"column":12},"end":{"line":19,"column":71}},"type":"binary-expr","locations":[{"start":{"line":19,"column":12},"end":{"line":19,"column":27}},{"start":{"line":19,"column":31},"end":{"line":19,"column":50}},{"start":{"line":19,"column":54},"end":{"line":19,"column":71}}],"line":19},"4":{"loc":{"start":{"line":29,"column":11},"end":{"line":29,"column":42}},"type":"binary-expr","locations":[{"start":{"line":29,"column":11},"end":{"line":29,"column":32}},{"start":{"line":29,"column":36},"end":{"line":29,"column":42}}],"line":29},"5":{"loc":{"start":{"line":41,"column":0},"end":{"line":70,"column":1}},"type":"if","locations":[{"start":{"line":41,"column":0},"end":{"line":70,"column":1}},{"start":{"line":48,"column":7},"end":{"line":70,"column":1}}],"line":41}},"s":{"0":0,"1":0,"2":0,"3":0,"4":0,"5":0,"6":0,"7":0,"8":0,"9":0,"10":0,"11":0,"12":0,"13":0,"14":0,"15":0,"16":0,"17":0,"18":0,"19":0,"20":0,"21":0,"22":0,"23":0,"24":0,"25":0,"26":0},"f":{"0":0,"1":0,"2":0,"3":0,"4":0},"b":{"0":[0,0],"1":[0,0],"2":[0,0],"3":[0,0,0],"4":[0,0],"5":[0,0]}}
,"/workspace/backend/utils/optionalAuthMiddleware.js": {"path":"/workspace/backend/utils/optionalAuthMiddleware.js","statementMap":{"0":{"start":{"line":1,"column":12},"end":{"line":1,"column":35}},"1":{"start":{"line":4,"column":17},"end":{"line":4,"column":39}},"2":{"start":{"line":7,"column":0},"end":{"line":11,"column":1}},"3":{"start":{"line":8,"column":4},"end":{"line":8,"column":95}},"4":{"start":{"line":9,"column":4},"end":{"line":9,"column":72}},"5":{"start":{"line":10,"column":4},"end":{"line":10,"column":86}},"6":{"start":{"line":13,"column":0},"end":{"line":16,"column":1}},"7":{"start":{"line":14,"column":4},"end":{"line":14,"column":108}},"8":{"start":{"line":15,"column":4},"end":{"line":15,"column":20}},"9":{"start":{"line":18,"column":0},"end":{"line":47,"column":2}},"10":{"start":{"line":19,"column":23},"end":{"line":19,"column":48}},"11":{"start":{"line":22,"column":4},"end":{"line":25,"column":5}},"12":{"start":{"line":23,"column":8},"end":{"line":23,"column":24}},"13":{"start":{"line":24,"column":8},"end":{"line":24,"column":22}},"14":{"start":{"line":27,"column":18},"end":{"line":27,"column":42}},"15":{"start":{"line":30,"column":4},"end":{"line":33,"column":5}},"16":{"start":{"line":31,"column":8},"end":{"line":31,"column":24}},"17":{"start":{"line":32,"column":8},"end":{"line":32,"column":22}},"18":{"start":{"line":35,"column":4},"end":{"line":44,"column":5}},"19":{"start":{"line":37,"column":24},"end":{"line":37,"column":53}},"20":{"start":{"line":38,"column":8},"end":{"line":38,"column":27}},"21":{"start":{"line":39,"column":8},"end":{"line":39,"column":67}},"22":{"start":{"line":42,"column":8},"end":{"line":42,"column":79}},"23":{"start":{"line":43,"column":8},"end":{"line":43,"column":24}},"24":{"start":{"line":46,"column":4},"end":{"line":46,"column":11}}},"fnMap":{"0":{"name":"(anonymous_0)","decl":{"start":{"line":18,"column":17},"end":{"line":18,"column":18}},"loc":{"start":{"line":18,"column":37},"end":{"line":47,"column":1}},"line":18}},"branchMap":{"0":{"loc":{"start":{"line":7,"column":0},"end":{"line":11,"column":1}},"type":"if","locations":[{"start":{"line":7,"column":0},"end":{"line":11,"column":1}},{"start":{},"end":{}}],"line":7},"1":{"loc":{"start":{"line":7,"column":4},"end":{"line":7,"column":56}},"type":"binary-expr","locations":[{"start":{"line":7,"column":4},"end":{"line":7,"column":15}},{"start":{"line":7,"column":19},"end":{"line":7,"column":56}}],"line":7},"2":{"loc":{"start":{"line":13,"column":0},"end":{"line":16,"column":1}},"type":"if","locations":[{"start":{"line":13,"column":0},"end":{"line":16,"column":1}},{"start":{},"end":{}}],"line":13},"3":{"loc":{"start":{"line":22,"column":4},"end":{"line":25,"column":5}},"type":"if","locations":[{"start":{"line":22,"column":4},"end":{"line":25,"column":5}},{"start":{},"end":{}}],"line":22},"4":{"loc":{"start":{"line":30,"column":4},"end":{"line":33,"column":5}},"type":"if","locations":[{"start":{"line":30,"column":4},"end":{"line":33,"column":5}},{"start":{},"end":{}}],"line":30}},"s":{"0":0,"1":0,"2":0,"3":0,"4":0,"5":0,"6":0,"7":0,"8":0,"9":0,"10":0,"11":0,"12":0,"13":0,"14":0,"15":0,"16":0,"17":0,"18":0,"19":0,"20":0,"21":0,"22":0,"23":0,"24":0},"f":{"0":0},"b":{"0":[0,0],"1":[0,0],"2":[0,0],"3":[0,0],"4":[0,0]}}
,"/workspace/backend/utils/relevantJobScraper.js": {"path":"/workspace/backend/utils/relevantJobScraper.js","statementMap":{"0":{"start":{"line":1,"column":14},"end":{"line":1,"column":30}},"1":{"start":{"line":2,"column":16},"end":{"line":2,"column":34}},"2":{"start":{"line":4,"column":23},"end":{"line":8,"column":1}},"3":{"start":{"line":11,"column":2},"end":{"line":13,"column":4}},"4":{"start":{"line":12,"column":4},"end":{"line":12,"column":38}},"5":{"start":{"line":16,"column":0},"end":{"line":51,"column":2}},"6":{"start":{"line":17,"column":2},"end":{"line":50,"column":3}},"7":{"start":{"line":18,"column":21},"end":{"line":18,"column":41}},"8":{"start":{"line":19,"column":14},"end":{"line":19,"column":32}},"9":{"start":{"line":20,"column":17},"end":{"line":20,"column":19}},"10":{"start":{"line":21,"column":23},"end":{"line":21,"column":28}},"11":{"start":{"line":23,"column":4},"end":{"line":42,"column":7}},"12":{"start":{"line":24,"column":20},"end":{"line":24,"column":34}},"13":{"start":{"line":25,"column":6},"end":{"line":41,"column":7}},"14":{"start":{"line":26,"column":8},"end":{"line":26,"column":28}},"15":{"start":{"line":27,"column":26},"end":{"line":27,"column":28}},"16":{"start":{"line":28,"column":19},"end":{"line":28,"column":33}},"17":{"start":{"line":29,"column":20},"end":{"line":29,"column":21}},"18":{"start":{"line":31,"column":8},"end":{"line":39,"column":9}},"19":{"start":{"line":32,"column":10},"end":{"line":36,"column":11}},"20":{"start":{"line":33,"column":12},"end":{"line":33,"column":45}},"21":{"start":{"line":34,"column":17},"end":{"line":36,"column":11}},"22":{"start":{"line":35,"column":12},"end":{"line":35,"column":45}},"23":{"start":{"line":37,"column":10},"end":{"line":37,"column":29}},"24":{"start":{"line":38,"column":10},"end":{"line":38,"column":18}},"25":{"start":{"line":40,"column":8},"end":{"line":40,"column":55}},"26":{"start":{"line":44,"column":4},"end":{"line":46,"column":5}},"27":{"start":{"line":45,"column":6},"end":{"line":45,"column":64}},"28":{"start":{"line":47,"column":4},"end":{"line":47,"column":31}},"29":{"start":{"line":49,"column":4},"end":{"line":49,"column":14}}},"fnMap":{"0":{"name":"isRelevantTitle","decl":{"start":{"line":10,"column":9},"end":{"line":10,"column":24}},"loc":{"start":{"line":10,"column":31},"end":{"line":14,"column":1}},"line":10},"1":{"name":"(anonymous_1)","decl":{"start":{"line":11,"column":29},"end":{"line":11,"column":30}},"loc":{"start":{"line":12,"column":4},"end":{"line":12,"column":38}},"line":12},"2":{"name":"(anonymous_2)","decl":{"start":{"line":16,"column":34},"end":{"line":16,"column":35}},"loc":{"start":{"line":16,"column":49},"end":{"line":51,"column":1}},"line":16},"3":{"name":"(anonymous_3)","decl":{"start":{"line":23,"column":40},"end":{"line":23,"column":41}},"loc":{"start":{"line":23,"column":53},"end":{"line":42,"column":5}},"line":23}},"branchMap":{"0":{"loc":{"start":{"line":25,"column":6},"end":{"line":41,"column":7}},"type":"if","locations":[{"start":{"line":25,"column":6},"end":{"line":41,"column":7}},{"start":{},"end":{}}],"line":25},"1":{"loc":{"start":{"line":31,"column":15},"end":{"line":31,"column":90}},"type":"binary-expr","locations":[{"start":{"line":31,"column":15},"end":{"line":31,"column":26}},{"start":{"line":31,"column":30},"end":{"line":31,"column":76}},{"start":{"line":31,"column":80},"end":{"line":31,"column":90}}],"line":31},"2":{"loc":{"start":{"line":32,"column":10},"end":{"line":36,"column":11}},"type":"if","locations":[{"start":{"line":32,"column":10},"end":{"line":36,"column":11}},{"start":{"line":34,"column":17},"end":{"line":36,"column":11}}],"line":32},"3":{"loc":{"start":{"line":34,"column":17},"end":{"line":36,"column":11}},"type":"if","locations":[{"start":{"line":34,"column":17},"end":{"line":36,"column":11}},{"start":{},"end":{}}],"line":34},"4":{"loc":{"start":{"line":44,"column":4},"end":{"line":46,"column":5}},"type":"if","locations":[{"start":{"line":44,"column":4},"end":{"line":46,"column":5}},{"start":{},"end":{}}],"line":44}},"s":{"0":1,"1":1,"2":1,"3":0,"4":0,"5":1,"6":0,"7":0,"8":0,"9":0,"10":0,"11":0,"12":0,"13":0,"14":0,"15":0,"16":0,"17":0,"18":0,"19":0,"20":0,"21":0,"22":0,"23":0,"24":0,"25":0,"26":0,"27":0,"28":0,"29":0},"f":{"0":0,"1":0,"2":0,"3":0},"b":{"0":[0,0],"1":[0,0,0],"2":[0,0],"3":[0,0],"4":[0,0]},"_coverageSchema":"1a1c01bbd47fc00a2c39e90264f33305004495a9","hash":"14d397ad85f8a066d1ec6ce9db0d811904e7355f"}
,"/workspace/backend/utils/textExtractor.js": {"path":"/workspace/backend/utils/textExtractor.js","statementMap":{"0":{"start":{"line":1,"column":11},"end":{"line":1,"column":24}},"1":{"start":{"line":2,"column":17},"end":{"line":2,"column":37}},"2":{"start":{"line":3,"column":16},"end":{"line":3,"column":34}},"3":{"start":{"line":4,"column":13},"end":{"line":4,"column":28}},"4":{"start":{"line":6,"column":0},"end":{"line":21,"column":2}},"5":{"start":{"line":7,"column":14},"end":{"line":7,"column":50}},"6":{"start":{"line":8,"column":2},"end":{"line":12,"column":3}},"7":{"start":{"line":9,"column":19},"end":{"line":9,"column":44}},"8":{"start":{"line":10,"column":17},"end":{"line":10,"column":39}},"9":{"start":{"line":11,"column":4},"end":{"line":11,"column":21}},"10":{"start":{"line":13,"column":2},"end":{"line":16,"column":3}},"11":{"start":{"line":14,"column":19},"end":{"line":14,"column":67}},"12":{"start":{"line":15,"column":4},"end":{"line":15,"column":24}},"13":{"start":{"line":17,"column":2},"end":{"line":19,"column":3}},"14":{"start":{"line":18,"column":4},"end":{"line":18,"column":88}},"15":{"start":{"line":20,"column":2},"end":{"line":20,"column":55}}},"fnMap":{"0":{"name":"(anonymous_0)","decl":{"start":{"line":6,"column":18},"end":{"line":6,"column":19}},"loc":{"start":{"line":6,"column":38},"end":{"line":21,"column":1}},"line":6}},"branchMap":{"0":{"loc":{"start":{"line":8,"column":2},"end":{"line":12,"column":3}},"type":"if","locations":[{"start":{"line":8,"column":2},"end":{"line":12,"column":3}},{"start":{},"end":{}}],"line":8},"1":{"loc":{"start":{"line":13,"column":2},"end":{"line":16,"column":3}},"type":"if","locations":[{"start":{"line":13,"column":2},"end":{"line":16,"column":3}},{"start":{},"end":{}}],"line":13},"2":{"loc":{"start":{"line":17,"column":2},"end":{"line":19,"column":3}},"type":"if","locations":[{"start":{"line":17,"column":2},"end":{"line":19,"column":3}},{"start":{},"end":{}}],"line":17}},"s":{"0":1,"1":1,"2":1,"3":1,"4":1,"5":0,"6":0,"7":0,"8":0,"9":0,"10":0,"11":0,"12":0,"13":0,"14":0,"15":0},"f":{"0":0},"b":{"0":[0,0],"1":[0,0],"2":[0,0]},"_coverageSchema":"1a1c01bbd47fc00a2c39e90264f33305004495a9","hash":"029277694e6fa41045c2acd0cfd9ebaf72ebd55f"}
,"/workspace/backend/utils/urlExtractor.js": {"path":"/workspace/backend/utils/urlExtractor.js","statementMap":{"0":{"start":{"line":1,"column":24},"end":{"line":1,"column":55}},"1":{"start":{"line":2,"column":22},"end":{"line":2,"column":51}},"2":{"start":{"line":3,"column":23},"end":{"line":3,"column":52}},"3":{"start":{"line":10,"column":0},"end":{"line":76,"column":2}},"4":{"start":{"line":11,"column":2},"end":{"line":75,"column":3}},"5":{"start":{"line":12,"column":4},"end":{"line":12,"column":78}},"6":{"start":{"line":15,"column":19},"end":{"line":18,"column":6}},"7":{"start":{"line":21,"column":4},"end":{"line":70,"column":5}},"8":{"start":{"line":22,"column":6},"end":{"line":22,"column":92}},"9":{"start":{"line":23,"column":6},"end":{"line":23,"column":79}},"10":{"start":{"line":26,"column":20},"end":{"line":52,"column":8}},"11":{"start":{"line":28,"column":27},"end":{"line":28,"column":29}},"12":{"start":{"line":30,"column":8},"end":{"line":32,"column":9}},"13":{"start":{"line":31,"column":10},"end":{"line":31,"column":54}},"14":{"start":{"line":34,"column":8},"end":{"line":36,"column":9}},"15":{"start":{"line":35,"column":10},"end":{"line":35,"column":107}},"16":{"start":{"line":35,"column":80},"end":{"line":35,"column":88}},"17":{"start":{"line":38,"column":8},"end":{"line":40,"column":9}},"18":{"start":{"line":39,"column":10},"end":{"line":39,"column":96}},"19":{"start":{"line":39,"column":69},"end":{"line":39,"column":77}},"20":{"start":{"line":42,"column":8},"end":{"line":44,"column":9}},"21":{"start":{"line":43,"column":10},"end":{"line":43,"column":64}},"22":{"start":{"line":47,"column":8},"end":{"line":49,"column":9}},"23":{"start":{"line":48,"column":10},"end":{"line":48,"column":38}},"24":{"start":{"line":51,"column":8},"end":{"line":51,"column":47}},"25":{"start":{"line":54,"column":24},"end":{"line":54,"column":45}},"26":{"start":{"line":57,"column":6},"end":{"line":62,"column":8}},"27":{"start":{"line":63,"column":6},"end":{"line":63,"column":49}},"28":{"start":{"line":65,"column":6},"end":{"line":65,"column":23}},"29":{"start":{"line":69,"column":6},"end":{"line":69,"column":26}},"30":{"start":{"line":73,"column":4},"end":{"line":73,"column":97}},"31":{"start":{"line":74,"column":4},"end":{"line":74,"column":51}},"32":{"start":{"line":79,"column":0},"end":{"line":90,"column":2}},"33":{"start":{"line":80,"column":16},"end":{"line":80,"column":18}},"34":{"start":{"line":81,"column":2},"end":{"line":88,"column":3}},"35":{"start":{"line":82,"column":4},"end":{"line":87,"column":5}},"36":{"start":{"line":83,"column":23},"end":{"line":83,"column":73}},"37":{"start":{"line":84,"column":6},"end":{"line":84,"column":27}},"38":{"start":{"line":86,"column":6},"end":{"line":86,"column":21}},"39":{"start":{"line":89,"column":2},"end":{"line":89,"column":31}}},"fnMap":{"0":{"name":"(anonymous_0)","decl":{"start":{"line":10,"column":26},"end":{"line":10,"column":27}},"loc":{"start":{"line":10,"column":57},"end":{"line":76,"column":1}},"line":10},"1":{"name":"(anonymous_1)","decl":{"start":{"line":26,"column":39},"end":{"line":26,"column":40}},"loc":{"start":{"line":26,"column":47},"end":{"line":52,"column":7}},"line":26},"2":{"name":"(anonymous_2)","decl":{"start":{"line":35,"column":75},"end":{"line":35,"column":76}},"loc":{"start":{"line":35,"column":80},"end":{"line":35,"column":88}},"line":35},"3":{"name":"(anonymous_3)","decl":{"start":{"line":39,"column":64},"end":{"line":39,"column":65}},"loc":{"start":{"line":39,"column":69},"end":{"line":39,"column":77}},"line":39},"4":{"name":"(anonymous_4)","decl":{"start":{"line":79,"column":32},"end":{"line":79,"column":33}},"loc":{"start":{"line":79,"column":49},"end":{"line":90,"column":1}},"line":79}},"branchMap":{"0":{"loc":{"start":{"line":10,"column":40},"end":{"line":10,"column":52}},"type":"default-arg","locations":[{"start":{"line":10,"column":50},"end":{"line":10,"column":52}}],"line":10},"1":{"loc":{"start":{"line":21,"column":4},"end":{"line":70,"column":5}},"type":"if","locations":[{"start":{"line":21,"column":4},"end":{"line":70,"column":5}},{"start":{"line":67,"column":11},"end":{"line":70,"column":5}}],"line":21},"2":{"loc":{"start":{"line":21,"column":8},"end":{"line":21,"column":32}},"type":"binary-expr","locations":[{"start":{"line":21,"column":8},"end":{"line":21,"column":14}},{"start":{"line":21,"column":18},"end":{"line":21,"column":32}}],"line":21},"3":{"loc":{"start":{"line":30,"column":8},"end":{"line":32,"column":9}},"type":"if","locations":[{"start":{"line":30,"column":8},"end":{"line":32,"column":9}},{"start":{},"end":{}}],"line":30},"4":{"loc":{"start":{"line":34,"column":8},"end":{"line":36,"column":9}},"type":"if","locations":[{"start":{"line":34,"column":8},"end":{"line":36,"column":9}},{"start":{},"end":{}}],"line":34},"5":{"loc":{"start":{"line":34,"column":12},"end":{"line":34,"column":69}},"type":"binary-expr","locations":[{"start":{"line":34,"column":12},"end":{"line":34,"column":33}},{"start":{"line":34,"column":37},"end":{"line":34,"column":69}}],"line":34},"6":{"loc":{"start":{"line":38,"column":8},"end":{"line":40,"column":9}},"type":"if","locations":[{"start":{"line":38,"column":8},"end":{"line":40,"column":9}},{"start":{},"end":{}}],"line":38},"7":{"loc":{"start":{"line":38,"column":12},"end":{"line":38,"column":61}},"type":"binary-expr","locations":[{"start":{"line":38,"column":12},"end":{"line":38,"column":29}},{"start":{"line":38,"column":33},"end":{"line":38,"column":61}}],"line":38},"8":{"loc":{"start":{"line":42,"column":8},"end":{"line":44,"column":9}},"type":"if","locations":[{"start":{"line":42,"column":8},"end":{"line":44,"column":9}},{"start":{},"end":{}}],"line":42},"9":{"loc":{"start":{"line":47,"column":8},"end":{"line":49,"column":9}},"type":"if","locations":[{"start":{"line":47,"column":8},"end":{"line":49,"column":9}},{"start":{},"end":{}}],"line":47},"10":{"loc":{"start":{"line":47,"column":12},"end":{"line":47,"column":48}},"type":"binary-expr","locations":[{"start":{"line":47,"column":12},"end":{"line":47,"column":32}},{"start":{"line":47,"column":36},"end":{"line":47,"column":48}}],"line":47},"11":{"loc":{"start":{"line":51,"column":15},"end":{"line":51,"column":46}},"type":"binary-expr","locations":[{"start":{"line":51,"column":15},"end":{"line":51,"column":27}},{"start":{"line":51,"column":31},"end":{"line":51,"column":40}},{"start":{"line":51,"column":44},"end":{"line":51,"column":46}}],"line":51},"12":{"loc":{"start":{"line":69,"column":13},"end":{"line":69,"column":25}},"type":"binary-expr","locations":[{"start":{"line":69,"column":13},"end":{"line":69,"column":19}},{"start":{"line":69,"column":23},"end":{"line":69,"column":25}}],"line":69}},"s":{"0":1,"1":1,"2":1,"3":1,"4":0,"5":0,"6":0,"7":0,"8":0,"9":0,"10":0,"11":0,"12":0,"13":0,"14":0,"15":0,"16":0,"17":0,"18":0,"19":0,"20":0,"21":0,"22":0,"23":0,"24":0,"25":0,"26":0,"27":0,"28":0,"29":0,"30":0,"31":0,"32":1,"33":0,"34":0,"35":0,"36":0,"37":0,"38":0,"39":0},"f":{"0":0,"1":0,"2":0,"3":0,"4":0},"b":{"0":[0],"1":[0,0],"2":[0,0],"3":[0,0],"4":[0,0],"5":[0,0],"6":[0,0],"7":[0,0],"8":[0,0],"9":[0,0],"10":[0,0],"11":[0,0,0],"12":[0,0]},"_coverageSchema":"1a1c01bbd47fc00a2c39e90264f33305004495a9","hash":"6e21af7952fc378b2c3878090f90a645346fd5af"}
}
