TN:
SF:controllers/adminController.js
FN:8,(anonymous_0)
FN:61,(anonymous_1)
FN:128,(anonymous_2)
FN:187,(anonymous_3)
FN:217,(anonymous_4)
FN:253,(anonymous_5)
FN:293,(anonymous_6)
FN:294,(anonymous_7)
FN:309,(anonymous_8)
FN:328,(anonymous_9)
FNF:10
FNH:0
FNDA:0,(anonymous_0)
FNDA:0,(anonymous_1)
FNDA:0,(anonymous_2)
FNDA:0,(anonymous_3)
FNDA:0,(anonymous_4)
FNDA:0,(anonymous_5)
FNDA:0,(anonymous_6)
FNDA:0,(anonymous_7)
FNDA:0,(anonymous_8)
FNDA:0,(anonymous_9)
DA:1,0
DA:2,0
DA:3,0
DA:4,0
DA:5,0
DA:8,0
DA:9,0
DA:10,0
DA:46,0
DA:55,0
DA:56,0
DA:61,0
DA:62,0
DA:70,0
DA:72,0
DA:75,0
DA:77,0
DA:78,0
DA:79,0
DA:80,0
DA:81,0
DA:82,0
DA:83,0
DA:84,0
DA:85,0
DA:88,0
DA:89,0
DA:92,0
DA:111,0
DA:122,0
DA:123,0
DA:128,0
DA:129,0
DA:136,0
DA:138,0
DA:139,0
DA:142,0
DA:144,0
DA:146,0
DA:147,0
DA:148,0
DA:149,0
DA:151,0
DA:152,0
DA:156,0
DA:160,0
DA:161,0
DA:171,0
DA:174,0
DA:181,0
DA:182,0
DA:187,0
DA:188,0
DA:189,0
DA:190,0
DA:192,0
DA:193,0
DA:194,0
DA:197,0
DA:204,0
DA:211,0
DA:212,0
DA:217,0
DA:218,0
DA:219,0
DA:221,0
DA:222,0
DA:223,0
DA:227,0
DA:229,0
DA:231,0
DA:232,0
DA:239,0
DA:241,0
DA:247,0
DA:248,0
DA:253,0
DA:254,0
DA:259,0
DA:261,0
DA:263,0
DA:264,0
DA:269,0
DA:270,0
DA:273,0
DA:291,0
DA:293,0
DA:294,0
DA:297,0
DA:303,0
DA:304,0
DA:309,0
DA:310,0
DA:311,0
DA:313,0
DA:314,0
DA:315,0
DA:316,0
DA:317,0
DA:320,0
DA:326,0
DA:328,0
DA:329,0
DA:330,0
DA:331,0
DA:333,0
DA:336,0
DA:337,0
DA:338,0
DA:341,0
DA:342,0
LF:111
LH:0
BRDA:64,0,0,0
BRDA:65,1,0,0
BRDA:68,2,0,0
BRDA:69,3,0,0
BRDA:77,4,0,0
BRDA:77,4,1,0
BRDA:80,5,0,0
BRDA:80,5,1,0
BRDA:82,6,0,0
BRDA:82,6,1,0
BRDA:84,7,0,0
BRDA:84,7,1,0
BRDA:88,8,0,0
BRDA:88,8,1,0
BRDA:131,9,0,0
BRDA:132,10,0,0
BRDA:133,11,0,0
BRDA:134,12,0,0
BRDA:135,13,0,0
BRDA:151,14,0,0
BRDA:151,14,1,0
BRDA:154,15,0,0
BRDA:154,15,1,0
BRDA:164,16,0,0
BRDA:164,16,1,0
BRDA:193,17,0,0
BRDA:193,17,1,0
BRDA:198,18,0,0
BRDA:198,18,1,0
BRDA:199,19,0,0
BRDA:199,19,1,0
BRDA:200,20,0,0
BRDA:200,20,1,0
BRDA:200,21,0,0
BRDA:200,21,1,0
BRDA:201,22,0,0
BRDA:201,22,1,0
BRDA:222,23,0,0
BRDA:222,23,1,0
BRDA:229,24,0,0
BRDA:229,24,1,0
BRDA:263,25,0,0
BRDA:263,25,1,0
BRDA:263,26,0,0
BRDA:263,26,1,0
BRDA:269,27,0,0
BRDA:269,27,1,0
BRDA:314,28,0,0
BRDA:314,28,1,0
BRDA:316,29,0,0
BRDA:316,29,1,0
BRDA:329,30,0,0
BRDA:329,30,1,0
BRDA:330,31,0,0
BRDA:330,31,1,0
BRF:55
BRH:0
end_of_record
TN:
SF:controllers/atsController.js
FN:7,(anonymous_0)
FN:74,(anonymous_1)
FN:75,(anonymous_2)
FN:81,(anonymous_3)
FN:98,(anonymous_4)
FN:99,(anonymous_5)
FN:168,(anonymous_6)
FN:171,(anonymous_7)
FN:174,(anonymous_8)
FN:179,(anonymous_9)
FN:190,(anonymous_10)
FN:268,(anonymous_11)
FN:285,(anonymous_12)
FN:298,(anonymous_13)
FN:320,(anonymous_14)
FNF:15
FNH:4
FNDA:8,(anonymous_0)
FNDA:3,(anonymous_1)
FNDA:3,(anonymous_2)
FNDA:3,(anonymous_3)
FNDA:0,(anonymous_4)
FNDA:0,(anonymous_5)
FNDA:0,(anonymous_6)
FNDA:0,(anonymous_7)
FNDA:0,(anonymous_8)
FNDA:0,(anonymous_9)
FNDA:0,(anonymous_10)
FNDA:0,(anonymous_11)
FNDA:0,(anonymous_12)
FNDA:0,(anonymous_13)
FNDA:0,(anonymous_14)
DA:1,1
DA:2,1
DA:3,1
DA:4,1
DA:5,1
DA:7,1
DA:8,8
DA:9,8
DA:12,8
DA:13,8
DA:14,1
DA:17,7
DA:18,7
DA:19,1
DA:23,6
DA:24,6
DA:25,1
DA:30,5
DA:31,5
DA:32,5
DA:33,4
DA:34,4
DA:35,4
DA:37,5
DA:38,5
DA:39,1
DA:40,1
DA:42,4
DA:43,1
DA:44,1
DA:46,3
DA:47,1
DA:48,1
DA:53,2
DA:54,2
DA:56,1
DA:57,1
DA:59,1
DA:60,1
DA:67,1
DA:68,1
DA:71,1
DA:72,1
DA:73,1
DA:74,3
DA:75,3
DA:78,1
DA:81,1
DA:82,3
DA:85,1
DA:86,0
DA:89,0
DA:92,0
DA:93,0
DA:94,0
DA:97,0
DA:98,0
DA:99,0
DA:102,0
DA:104,0
DA:105,0
DA:110,0
DA:111,0
DA:114,0
DA:130,0
DA:152,1
DA:153,1
DA:155,0
DA:156,0
DA:160,0
DA:163,0
DA:165,0
DA:168,0
DA:170,0
DA:171,0
DA:174,0
DA:175,0
DA:179,0
DA:180,0
DA:184,0
DA:185,0
DA:188,0
DA:190,0
DA:197,0
DA:198,0
DA:199,0
DA:200,0
DA:204,0
DA:205,0
DA:206,0
DA:207,0
DA:208,0
DA:209,0
DA:210,0
DA:211,0
DA:213,0
DA:216,0
DA:232,0
DA:233,0
DA:239,1
DA:241,1
DA:242,1
DA:243,1
DA:246,1
DA:248,0
DA:253,1
DA:254,1
DA:255,1
DA:262,1
DA:264,0
DA:268,1
DA:270,1
DA:271,1
DA:273,0
DA:275,0
DA:276,0
DA:278,0
DA:279,0
DA:285,1
DA:286,0
DA:287,0
DA:288,0
DA:289,0
DA:292,0
DA:298,0
DA:312,0
DA:314,0
DA:315,0
DA:320,1
DA:321,0
DA:322,0
DA:323,0
DA:325,0
DA:326,0
DA:329,0
DA:336,0
DA:337,0
DA:341,0
DA:344,0
DA:345,0
DA:347,0
DA:349,0
DA:350,0
LF:143
LH:66
BRDA:13,0,0,1
BRDA:13,0,1,7
BRDA:18,1,0,1
BRDA:18,1,1,6
BRDA:23,2,0,6
BRDA:23,2,1,1
BRDA:24,3,0,1
BRDA:24,3,1,5
BRDA:31,4,0,5
BRDA:31,4,1,0
BRDA:32,5,0,4
BRDA:32,5,1,1
BRDA:38,6,0,1
BRDA:38,6,1,4
BRDA:38,7,0,5
BRDA:38,7,1,4
BRDA:42,8,0,1
BRDA:42,8,1,3
BRDA:46,9,0,1
BRDA:46,9,1,2
BRDA:56,10,0,0
BRDA:56,10,1,1
BRDA:57,11,0,0
BRDA:57,11,1,1
BRDA:62,12,0,0
BRDA:62,12,1,1
BRDA:72,13,0,1
BRDA:72,13,1,0
BRDA:72,14,0,1
BRDA:72,14,1,1
BRDA:74,15,0,3
BRDA:74,15,1,0
BRDA:74,15,2,0
BRDA:78,16,0,1
BRDA:78,16,1,0
BRDA:82,17,0,3
BRDA:82,17,1,3
BRDA:85,18,0,0
BRDA:85,18,1,1
BRDA:85,19,0,1
BRDA:85,19,1,0
BRDA:85,19,2,0
BRDA:92,20,0,0
BRDA:92,20,1,0
BRDA:99,21,0,0
BRDA:99,21,1,0
BRDA:102,22,0,0
BRDA:102,22,1,0
BRDA:102,23,0,0
BRDA:102,23,1,0
BRDA:115,24,0,0
BRDA:115,24,1,0
BRDA:153,25,0,0
BRDA:153,25,1,1
BRDA:153,26,0,1
BRDA:153,26,1,0
BRDA:153,26,2,0
BRDA:193,27,0,0
BRDA:193,27,1,0
BRDA:204,28,0,0
BRDA:204,28,1,0
BRDA:206,29,0,0
BRDA:206,29,1,0
BRDA:208,30,0,0
BRDA:208,30,1,0
BRDA:210,31,0,0
BRDA:210,31,1,0
BRDA:216,32,0,0
BRDA:216,32,1,0
BRDA:219,33,0,0
BRDA:219,33,1,0
BRDA:222,34,0,0
BRDA:222,34,1,0
BRDA:224,35,0,0
BRDA:224,35,1,0
BRDA:241,36,0,1
BRDA:241,36,1,0
BRDA:254,37,0,1
BRDA:254,37,1,1
BRDA:273,38,0,0
BRDA:273,38,1,0
BRDA:279,39,0,0
BRDA:279,39,1,0
BRDA:288,40,0,0
BRDA:288,40,1,0
BRDA:303,41,0,0
BRDA:303,41,1,0
BRDA:306,42,0,0
BRDA:306,42,1,0
BRDA:307,43,0,0
BRDA:307,43,1,0
BRDA:308,44,0,0
BRDA:308,44,1,0
BRDA:308,44,2,0
BRDA:325,45,0,0
BRDA:325,45,1,0
BRDA:336,46,0,0
BRDA:336,46,1,0
BRF:98
BRH:36
end_of_record
TN:
SF:controllers/contactController.js
FN:5,(anonymous_0)
FNF:1
FNH:0
FNDA:0,(anonymous_0)
DA:1,0
DA:2,0
DA:5,0
DA:6,0
DA:7,0
DA:10,0
DA:11,0
DA:18,0
DA:19,0
DA:20,0
DA:27,0
DA:38,0
DA:41,0
DA:48,0
DA:50,0
DA:56,0
DA:57,0
DA:64,0
LF:18
LH:0
BRDA:10,0,0,0
BRDA:10,0,1,0
BRDA:10,1,0,0
BRDA:10,1,1,0
BRDA:10,1,2,0
BRDA:10,1,3,0
BRDA:19,2,0,0
BRDA:19,2,1,0
BRDA:38,3,0,0
BRDA:38,3,1,0
BRF:10
BRH:0
end_of_record
TN:
SF:controllers/giftCodeController.js
FN:6,(anonymous_0)
FN:66,(anonymous_1)
FN:168,(anonymous_2)
FNF:3
FNH:0
FNDA:0,(anonymous_0)
FNDA:0,(anonymous_1)
FNDA:0,(anonymous_2)
DA:1,0
DA:2,0
DA:3,0
DA:6,0
DA:7,0
DA:8,0
DA:10,0
DA:12,0
DA:13,0
DA:16,0
DA:18,0
DA:19,0
DA:20,0
DA:27,0
DA:28,0
DA:29,0
DA:36,0
DA:37,0
DA:38,0
DA:45,0
DA:46,0
DA:47,0
DA:53,0
DA:54,0
DA:60,0
DA:61,0
DA:66,0
DA:67,0
DA:68,0
DA:69,0
DA:71,0
DA:73,0
DA:74,0
DA:77,0
DA:78,0
DA:82,0
DA:84,0
DA:85,0
DA:92,0
DA:93,0
DA:100,0
DA:101,0
DA:108,0
DA:109,0
DA:116,0
DA:123,0
DA:124,0
DA:131,0
DA:132,0
DA:133,0
DA:137,0
DA:143,0
DA:146,0
DA:147,0
DA:149,0
DA:151,0
DA:159,0
DA:160,0
DA:168,0
DA:169,0
DA:170,0
DA:171,0
DA:173,0
DA:174,0
DA:178,0
DA:179,0
DA:180,0
DA:184,0
DA:193,0
DA:199,0
DA:200,0
LF:71
LH:0
BRDA:12,0,0,0
BRDA:12,0,1,0
BRDA:18,1,0,0
BRDA:18,1,1,0
BRDA:27,2,0,0
BRDA:27,2,1,0
BRDA:36,3,0,0
BRDA:36,3,1,0
BRDA:45,4,0,0
BRDA:45,4,1,0
BRDA:45,5,0,0
BRDA:45,5,1,0
BRDA:73,6,0,0
BRDA:73,6,1,0
BRDA:77,7,0,0
BRDA:77,7,1,0
BRDA:84,8,0,0
BRDA:84,8,1,0
BRDA:92,9,0,0
BRDA:92,9,1,0
BRDA:100,10,0,0
BRDA:100,10,1,0
BRDA:108,11,0,0
BRDA:108,11,1,0
BRDA:108,12,0,0
BRDA:108,12,1,0
BRDA:123,13,0,0
BRDA:123,13,1,0
BRDA:132,14,0,0
BRDA:132,14,1,0
BRDA:146,15,0,0
BRDA:146,15,1,0
BRDA:173,16,0,0
BRDA:173,16,1,0
BRDA:179,17,0,0
BRDA:179,17,1,0
BRDA:186,18,0,0
BRDA:186,18,1,0
BRDA:187,19,0,0
BRDA:187,19,1,0
BRF:40
BRH:0
end_of_record
TN:
SF:controllers/passwordResetController.js
FN:10,(anonymous_0)
FN:72,(anonymous_1)
FN:132,(anonymous_2)
FN:209,(anonymous_3)
FNF:4
FNH:0
FNDA:0,(anonymous_0)
FNDA:0,(anonymous_1)
FNDA:0,(anonymous_2)
FNDA:0,(anonymous_3)
DA:1,0
DA:2,0
DA:3,0
DA:4,0
DA:5,0
DA:6,0
DA:7,0
DA:10,0
DA:11,0
DA:12,0
DA:14,0
DA:15,0
DA:22,0
DA:24,0
DA:26,0
DA:33,0
DA:38,0
DA:39,0
DA:42,0
DA:49,0
DA:50,0
DA:51,0
DA:53,0
DA:57,0
DA:63,0
DA:64,0
DA:72,0
DA:73,0
DA:74,0
DA:76,0
DA:77,0
DA:84,0
DA:94,0
DA:95,0
DA:102,0
DA:106,0
DA:107,0
DA:113,0
DA:123,0
DA:124,0
DA:132,0
DA:133,0
DA:134,0
DA:136,0
DA:137,0
DA:144,0
DA:145,0
DA:152,0
DA:162,0
DA:163,0
DA:170,0
DA:172,0
DA:173,0
DA:180,0
DA:183,0
DA:188,0
DA:192,0
DA:194,0
DA:200,0
DA:201,0
DA:209,0
DA:210,0
DA:211,0
DA:219,0
DA:220,0
DA:223,0
DA:227,0
LF:67
LH:0
BRDA:14,0,0,0
BRDA:14,0,1,0
BRDA:24,1,0,0
BRDA:24,1,1,0
BRDA:76,2,0,0
BRDA:76,2,1,0
BRDA:94,3,0,0
BRDA:94,3,1,0
BRDA:106,4,0,0
BRDA:106,4,1,0
BRDA:136,5,0,0
BRDA:136,5,1,0
BRDA:136,6,0,0
BRDA:136,6,1,0
BRDA:144,7,0,0
BRDA:144,7,1,0
BRDA:162,8,0,0
BRDA:162,8,1,0
BRDA:172,9,0,0
BRDA:172,9,1,0
BRDA:219,10,0,0
BRDA:219,10,1,0
BRF:22
BRH:0
end_of_record
TN:
SF:controllers/paymentController.js
FN:7,initializeStripe
FN:61,ensureStripeInitialized
FN:76,(anonymous_2)
FN:242,(anonymous_3)
FN:357,(anonymous_4)
FN:389,handleSuccessfulPayment
FN:539,handleFailedPayment
FN:571,(anonymous_7)
FN:591,(anonymous_8)
FN:696,(anonymous_9)
FN:753,(anonymous_10)
FNF:11
FNH:4
FNDA:3,initializeStripe
FNDA:2,ensureStripeInitialized
FNDA:5,(anonymous_2)
FNDA:4,(anonymous_3)
FNDA:0,(anonymous_4)
FNDA:0,handleSuccessfulPayment
FNDA:0,handleFailedPayment
FNDA:0,(anonymous_7)
FNDA:0,(anonymous_8)
FNDA:0,(anonymous_9)
FNDA:0,(anonymous_10)
DA:2,1
DA:4,1
DA:8,3
DA:10,3
DA:11,3
DA:14,3
DA:15,3
DA:18,3
DA:20,3
DA:21,3
DA:26,3
DA:28,3
DA:29,3
DA:30,3
DA:32,3
DA:33,3
DA:34,3
DA:35,3
DA:36,3
DA:37,3
DA:39,0
DA:40,0
DA:41,0
DA:42,0
DA:43,0
DA:44,0
DA:46,0
DA:47,0
DA:50,0
DA:53,0
DA:54,0
DA:55,0
DA:56,0
DA:62,2
DA:63,2
DA:64,2
DA:66,0
DA:70,1
DA:72,1
DA:73,1
DA:76,1
DA:77,5
DA:79,5
DA:80,2
DA:81,2
DA:82,0
DA:89,5
DA:91,5
DA:92,5
DA:96,0
DA:98,0
DA:101,0
DA:102,0
DA:104,0
DA:116,0
DA:124,0
DA:126,0
DA:132,0
DA:133,0
DA:134,0
DA:135,0
DA:138,0
DA:139,0
DA:141,0
DA:144,0
DA:162,0
DA:163,0
DA:166,0
DA:170,0
DA:171,0
DA:174,0
DA:179,0
DA:181,0
DA:186,0
DA:189,0
DA:191,0
DA:192,0
DA:205,0
DA:206,0
DA:208,0
DA:212,0
DA:215,0
DA:216,0
DA:217,0
DA:218,0
DA:219,0
DA:220,0
DA:223,0
DA:226,0
DA:231,0
DA:233,0
DA:234,0
DA:242,1
DA:243,4
DA:245,4
DA:246,0
DA:247,0
DA:248,0
DA:255,4
DA:257,4
DA:258,1
DA:261,3
DA:264,3
DA:265,3
DA:267,0
DA:268,0
DA:269,0
DA:276,0
DA:280,0
DA:281,0
DA:284,0
DA:285,0
DA:286,0
DA:289,0
DA:290,0
DA:291,0
DA:304,0
DA:306,0
DA:313,0
DA:314,0
DA:318,0
DA:328,0
DA:329,0
DA:330,0
DA:334,0
DA:335,0
DA:339,0
DA:342,0
DA:348,3
DA:349,3
DA:357,1
DA:358,0
DA:359,0
DA:362,0
DA:364,0
DA:366,0
DA:367,0
DA:371,0
DA:373,0
DA:374,0
DA:375,0
DA:377,0
DA:378,0
DA:379,0
DA:381,0
DA:385,0
DA:390,0
DA:391,0
DA:394,0
DA:398,0
DA:399,0
DA:402,0
DA:403,0
DA:404,0
DA:405,0
DA:407,0
DA:408,0
DA:411,0
DA:413,0
DA:415,0
DA:416,0
DA:428,0
DA:431,0
DA:432,0
DA:435,0
DA:439,0
DA:454,0
DA:455,0
DA:459,0
DA:461,0
DA:462,0
DA:476,0
DA:479,0
DA:480,0
DA:481,0
DA:482,0
DA:485,0
DA:488,0
DA:492,0
DA:493,0
DA:494,0
DA:497,0
DA:500,0
DA:511,0
DA:512,0
DA:513,0
DA:514,0
DA:518,0
DA:519,0
DA:523,0
DA:524,0
DA:525,0
DA:526,0
DA:529,0
DA:532,0
DA:533,0
DA:534,0
DA:540,0
DA:542,0
DA:546,0
DA:547,0
DA:548,0
DA:552,0
DA:562,0
DA:564,0
DA:571,1
DA:572,0
DA:573,0
DA:583,0
DA:585,0
DA:586,0
DA:591,1
DA:592,0
DA:593,0
DA:596,0
DA:597,0
DA:599,0
DA:612,0
DA:614,0
DA:621,0
DA:622,0
DA:624,0
DA:626,0
DA:628,0
DA:635,0
DA:637,0
DA:639,0
DA:649,0
DA:650,0
DA:651,0
DA:652,0
DA:656,0
DA:657,0
DA:660,0
DA:661,0
DA:664,0
DA:667,0
DA:668,0
DA:670,0
DA:678,0
DA:680,0
DA:687,0
DA:688,0
DA:696,1
DA:697,0
DA:698,0
DA:702,0
DA:714,0
DA:721,0
DA:728,0
DA:744,0
DA:745,0
DA:753,1
DA:754,0
DA:755,0
DA:758,0
DA:759,0
DA:761,0
DA:770,0
DA:772,0
DA:773,0
DA:775,0
DA:776,0
DA:778,0
DA:788,0
DA:789,0
DA:791,0
DA:792,0
DA:796,0
DA:798,0
DA:809,0
DA:810,0
LF:272
LH:50
BRDA:14,0,0,3
BRDA:14,0,1,0
BRDA:14,1,0,3
BRDA:14,1,1,3
BRDA:15,2,0,3
BRDA:15,2,1,0
BRDA:20,3,0,3
BRDA:20,3,1,0
BRDA:26,4,0,3
BRDA:26,4,1,3
BRDA:26,4,2,0
BRDA:28,5,0,3
BRDA:28,5,1,0
BRDA:35,6,0,3
BRDA:35,6,1,0
BRDA:42,7,0,0
BRDA:42,7,1,0
BRDA:43,8,0,0
BRDA:43,8,1,0
BRDA:44,9,0,0
BRDA:44,9,1,0
BRDA:46,10,0,0
BRDA:46,10,1,0
BRDA:46,11,0,0
BRDA:46,11,1,0
BRDA:62,12,0,2
BRDA:62,12,1,0
BRDA:79,13,0,2
BRDA:79,13,1,3
BRDA:81,14,0,0
BRDA:81,14,1,2
BRDA:91,15,0,5
BRDA:91,15,1,0
BRDA:91,16,0,5
BRDA:91,16,1,3
BRDA:91,16,2,0
BRDA:91,16,3,0
BRDA:101,17,0,0
BRDA:101,17,1,0
BRDA:102,18,0,0
BRDA:102,18,1,0
BRDA:102,19,0,0
BRDA:102,19,1,0
BRDA:102,20,0,0
BRDA:102,20,1,0
BRDA:111,21,0,0
BRDA:111,21,1,0
BRDA:112,22,0,0
BRDA:112,22,1,0
BRDA:124,23,0,0
BRDA:124,23,1,0
BRDA:132,24,0,0
BRDA:132,24,1,0
BRDA:139,25,0,0
BRDA:139,25,1,0
BRDA:147,26,0,0
BRDA:147,26,1,0
BRDA:150,27,0,0
BRDA:150,27,1,0
BRDA:151,28,0,0
BRDA:151,28,1,0
BRDA:153,29,0,0
BRDA:153,29,1,0
BRDA:154,30,0,0
BRDA:154,30,1,0
BRDA:155,31,0,0
BRDA:155,31,1,0
BRDA:156,32,0,0
BRDA:156,32,1,0
BRDA:179,33,0,0
BRDA:179,33,1,0
BRDA:182,34,0,0
BRDA:182,34,1,0
BRDA:183,35,0,0
BRDA:183,35,1,0
BRDA:184,36,0,0
BRDA:184,36,1,0
BRDA:191,37,0,0
BRDA:191,37,1,0
BRDA:215,38,0,0
BRDA:215,38,1,0
BRDA:215,39,0,0
BRDA:215,39,1,0
BRDA:218,40,0,0
BRDA:218,40,1,0
BRDA:219,41,0,0
BRDA:219,41,1,0
BRDA:245,42,0,0
BRDA:245,42,1,4
BRDA:247,43,0,0
BRDA:247,43,1,0
BRDA:257,44,0,1
BRDA:257,44,1,3
BRDA:267,45,0,0
BRDA:267,45,1,0
BRDA:280,46,0,0
BRDA:280,46,1,0
BRDA:290,47,0,0
BRDA:290,47,1,0
BRDA:290,48,0,0
BRDA:290,48,1,0
BRDA:313,49,0,0
BRDA:313,49,1,0
BRDA:329,50,0,0
BRDA:329,50,1,0
BRDA:334,51,0,0
BRDA:334,51,1,0
BRDA:371,52,0,0
BRDA:371,52,1,0
BRDA:371,52,2,0
BRDA:398,53,0,0
BRDA:398,53,1,0
BRDA:407,54,0,0
BRDA:407,54,1,0
BRDA:407,55,0,0
BRDA:407,55,1,0
BRDA:407,55,2,0
BRDA:413,56,0,0
BRDA:413,56,1,0
BRDA:431,57,0,0
BRDA:431,57,1,0
BRDA:461,58,0,0
BRDA:461,58,1,0
BRDA:461,59,0,0
BRDA:461,59,1,0
BRDA:461,59,2,0
BRDA:480,60,0,0
BRDA:480,60,1,0
BRDA:481,61,0,0
BRDA:481,61,1,0
BRDA:492,62,0,0
BRDA:492,62,1,0
BRDA:512,63,0,0
BRDA:512,63,1,0
BRDA:518,64,0,0
BRDA:518,64,1,0
BRDA:546,65,0,0
BRDA:546,65,1,0
BRDA:557,66,0,0
BRDA:557,66,1,0
BRDA:635,67,0,0
BRDA:635,67,1,0
BRDA:635,68,0,0
BRDA:635,68,1,0
BRDA:650,69,0,0
BRDA:650,69,1,0
BRDA:651,70,0,0
BRDA:651,70,1,0
BRDA:714,71,0,0
BRDA:714,71,1,0
BRDA:721,72,0,0
BRDA:721,72,1,0
BRDA:732,73,0,0
BRDA:732,73,1,0
BRF:154
BRH:19
end_of_record
TN:
SF:controllers/userController.js
FN:10,(anonymous_0)
FN:28,(anonymous_1)
FN:72,(anonymous_2)
FN:84,(anonymous_3)
FN:101,(anonymous_4)
FN:138,(anonymous_5)
FN:158,(anonymous_6)
FNF:7
FNH:4
FNDA:4,(anonymous_0)
FNDA:4,(anonymous_1)
FNDA:2,(anonymous_2)
FNDA:2,(anonymous_3)
FNDA:0,(anonymous_4)
FNDA:0,(anonymous_5)
FNDA:0,(anonymous_6)
DA:1,1
DA:2,1
DA:4,1
DA:6,1
DA:8,1
DA:10,1
DA:11,4
DA:12,4
DA:13,4
DA:14,1
DA:16,3
DA:17,2
DA:18,1
DA:20,1
DA:21,1
DA:22,1
DA:24,1
DA:28,1
DA:29,4
DA:30,4
DA:31,4
DA:32,1
DA:34,3
DA:35,3
DA:36,1
DA:41,2
DA:42,2
DA:43,1
DA:47,1
DA:49,1
DA:55,1
DA:68,0
DA:72,1
DA:73,2
DA:74,2
DA:75,2
DA:76,2
DA:77,1
DA:79,0
DA:84,1
DA:85,2
DA:86,2
DA:87,2
DA:88,2
DA:92,1
DA:94,1
DA:96,0
DA:101,1
DA:102,0
DA:103,0
DA:104,0
DA:106,0
DA:107,0
DA:110,0
DA:111,0
DA:113,0
DA:120,0
DA:133,0
DA:138,1
DA:139,0
DA:140,0
DA:141,0
DA:142,0
DA:145,0
DA:152,0
DA:158,1
DA:160,0
DA:161,0
DA:166,0
DA:167,0
DA:168,0
DA:169,0
DA:172,0
DA:179,0
DA:181,0
DA:182,0
LF:76
LH:47
BRDA:6,0,0,1
BRDA:6,0,1,0
BRDA:8,1,0,1
BRDA:8,1,1,0
BRDA:13,2,0,1
BRDA:13,2,1,3
BRDA:13,3,0,4
BRDA:13,3,1,3
BRDA:13,3,2,3
BRDA:17,4,0,1
BRDA:17,4,1,1
BRDA:31,5,0,1
BRDA:31,5,1,3
BRDA:31,6,0,4
BRDA:31,6,1,4
BRDA:35,7,0,1
BRDA:35,7,1,2
BRDA:42,8,0,1
BRDA:42,8,1,1
BRDA:53,9,0,1
BRDA:53,9,1,1
BRDA:64,10,0,1
BRDA:64,10,1,0
BRDA:76,11,0,1
BRDA:76,11,1,1
BRDA:88,12,0,1
BRDA:88,12,1,1
BRDA:92,13,0,1
BRDA:92,13,1,0
BRDA:106,14,0,0
BRDA:106,14,1,0
BRDA:106,15,0,0
BRDA:106,15,1,0
BRDA:111,16,0,0
BRDA:111,16,1,0
BRDA:116,17,0,0
BRDA:116,17,1,0
BRDA:129,18,0,0
BRDA:129,18,1,0
BRDA:142,19,0,0
BRDA:142,19,1,0
BRDA:146,20,0,0
BRDA:146,20,1,0
BRDA:149,21,0,0
BRDA:149,21,1,0
BRDA:160,22,0,0
BRDA:160,22,1,0
BRDA:169,23,0,0
BRDA:169,23,1,0
BRF:49
BRH:25
end_of_record
TN:
SF:models/AnalysisResults.js
FNF:0
FNH:0
DA:1,0
DA:2,0
DA:4,0
DA:47,0
LF:4
LH:0
BRF:0
BRH:0
end_of_record
TN:
SF:models/PasswordReset.js
FN:4,(anonymous_0)
FN:8,(anonymous_1)
FN:50,(anonymous_2)
FN:58,(anonymous_3)
FN:63,(anonymous_4)
FN:82,(anonymous_5)
FN:90,(anonymous_6)
FNF:7
FNH:0
FNDA:0,(anonymous_0)
FNDA:0,(anonymous_1)
FNDA:0,(anonymous_2)
FNDA:0,(anonymous_3)
FNDA:0,(anonymous_4)
FNDA:0,(anonymous_5)
FNDA:0,(anonymous_6)
DA:1,0
DA:2,0
DA:4,0
DA:5,0
DA:8,0
DA:50,0
DA:51,0
DA:58,0
DA:59,0
DA:63,0
DA:64,0
DA:78,0
DA:82,0
DA:83,0
DA:90,0
DA:91,0
DA:100,0
LF:17
LH:0
BRF:0
BRH:0
end_of_record
TN:
SF:models/Transaction.js
FNF:0
FNH:0
DA:1,0
DA:2,0
DA:4,0
DA:59,0
LF:4
LH:0
BRF:0
BRH:0
end_of_record
TN:
SF:models/giftCode.js
FN:46,(anonymous_0)
FNF:1
FNH:0
FNDA:0,(anonymous_0)
DA:1,0
DA:2,0
DA:4,0
DA:46,0
DA:48,0
DA:54,0
DA:60,0
LF:7
LH:0
BRF:0
BRH:0
end_of_record
TN:
SF:models/giftCodeUsage.js
FN:42,(anonymous_0)
FNF:1
FNH:0
FNDA:0,(anonymous_0)
DA:1,0
DA:2,0
DA:4,0
DA:42,0
DA:44,0
DA:50,0
DA:56,0
LF:7
LH:0
BRF:0
BRH:0
end_of_record
TN:
SF:models/index.js
FN:21,(anonymous_0)
FN:29,(anonymous_1)
FN:37,(anonymous_2)
FNF:3
FNH:0
FNDA:0,(anonymous_0)
FNDA:0,(anonymous_1)
FNDA:0,(anonymous_2)
DA:3,0
DA:4,0
DA:5,0
DA:6,0
DA:7,0
DA:8,0
DA:9,0
DA:10,0
DA:13,0
DA:14,0
DA:16,0
DA:19,0
DA:22,0
DA:30,0
DA:32,0
DA:33,0
DA:37,0
DA:38,0
DA:39,0
DA:43,0
DA:44,0
DA:46,0
LF:22
LH:0
BRDA:8,0,0,0
BRDA:8,0,1,0
BRDA:13,1,0,0
BRDA:13,1,1,0
BRDA:23,2,0,0
BRDA:23,2,1,0
BRDA:23,2,2,0
BRDA:23,2,3,0
BRDA:32,3,0,0
BRDA:32,3,1,0
BRDA:32,4,0,0
BRDA:32,4,1,0
BRDA:38,5,0,0
BRDA:38,5,1,0
BRF:14
BRH:0
end_of_record
TN:
SF:models/user.js
FNF:0
FNH:0
DA:1,0
DA:2,0
DA:4,0
DA:71,0
LF:4
LH:0
BRF:0
BRH:0
end_of_record
TN:
SF:services/atsKeywordVerifier.js
FN:11,normalize
FN:19,singularPluralForms
FN:54,checkLanguageInResume
FN:159,keywordInResume
FN:184,countKeywordOccurrences
FN:188,(anonymous_5)
FN:195,(anonymous_6)
FN:202,(anonymous_7)
FN:212,(anonymous_8)
FN:225,(anonymous_9)
FN:231,(anonymous_10)
FN:236,(anonymous_11)
FN:246,(anonymous_12)
FN:263,(anonymous_13)
FN:277,filterPresentKeywords
FN:278,(anonymous_15)
FN:284,normalizeForDeduplication
FN:318,deduplicateKeywords
FN:323,(anonymous_18)
FN:339,deduplicateKeywordCounts
FN:346,(anonymous_20)
FN:361,(anonymous_21)
FN:373,generatePrepositionVariations
FN:386,(anonymous_23)
FN:388,(anonymous_24)
FN:391,(anonymous_25)
FN:411,consolidateHierarchicalKeywords
FN:413,(anonymous_27)
FN:423,(anonymous_28)
FN:430,(anonymous_29)
FN:465,(anonymous_30)
FN:466,(anonymous_31)
FN:492,(anonymous_32)
FNF:33
FNH:0
FNDA:0,normalize
FNDA:0,singularPluralForms
FNDA:0,checkLanguageInResume
FNDA:0,keywordInResume
FNDA:0,countKeywordOccurrences
FNDA:0,(anonymous_5)
FNDA:0,(anonymous_6)
FNDA:0,(anonymous_7)
FNDA:0,(anonymous_8)
FNDA:0,(anonymous_9)
FNDA:0,(anonymous_10)
FNDA:0,(anonymous_11)
FNDA:0,(anonymous_12)
FNDA:0,(anonymous_13)
FNDA:0,filterPresentKeywords
FNDA:0,(anonymous_15)
FNDA:0,normalizeForDeduplication
FNDA:0,deduplicateKeywords
FNDA:0,(anonymous_18)
FNDA:0,deduplicateKeywordCounts
FNDA:0,(anonymous_20)
FNDA:0,(anonymous_21)
FNDA:0,generatePrepositionVariations
FNDA:0,(anonymous_23)
FNDA:0,(anonymous_24)
FNDA:0,(anonymous_25)
FNDA:0,consolidateHierarchicalKeywords
FNDA:0,(anonymous_27)
FNDA:0,(anonymous_28)
FNDA:0,(anonymous_29)
FNDA:0,(anonymous_30)
FNDA:0,(anonymous_31)
FNDA:0,(anonymous_32)
DA:5,1
DA:6,1
DA:12,0
DA:21,0
DA:22,0
DA:24,0
DA:31,1
DA:44,1
DA:55,0
DA:56,0
DA:59,0
DA:60,0
DA:63,0
DA:64,0
DA:65,0
DA:66,0
DA:67,0
DA:70,0
DA:74,0
DA:75,0
DA:79,0
DA:80,0
DA:81,0
DA:82,0
DA:83,0
DA:86,0
DA:90,0
DA:91,0
DA:92,0
DA:95,0
DA:96,0
DA:97,0
DA:98,0
DA:99,0
DA:103,0
DA:104,0
DA:108,0
DA:109,0
DA:113,0
DA:115,0
DA:116,0
DA:118,0
DA:119,0
DA:121,0
DA:122,0
DA:123,0
DA:124,0
DA:125,0
DA:128,0
DA:130,0
DA:136,0
DA:137,0
DA:141,0
DA:148,0
DA:149,0
DA:152,0
DA:160,0
DA:163,0
DA:164,0
DA:168,0
DA:169,0
DA:171,0
DA:172,0
DA:174,0
DA:185,0
DA:186,0
DA:188,0
DA:189,0
DA:190,0
DA:193,0
DA:195,0
DA:196,0
DA:200,0
DA:202,0
DA:203,0
DA:204,0
DA:205,0
DA:206,0
DA:211,0
DA:212,0
DA:213,0
DA:214,0
DA:215,0
DA:216,0
DA:222,0
DA:225,0
DA:227,0
DA:230,0
DA:231,0
DA:232,0
DA:235,0
DA:236,0
DA:237,0
DA:238,0
DA:239,0
DA:240,0
DA:245,0
DA:246,0
DA:247,0
DA:248,0
DA:249,0
DA:250,0
DA:256,0
DA:263,0
DA:264,0
DA:265,0
DA:267,0
DA:278,0
DA:285,0
DA:292,0
DA:308,0
DA:309,0
DA:313,0
DA:315,0
DA:320,0
DA:321,0
DA:323,0
DA:324,0
DA:325,0
DA:326,0
DA:327,0
DA:331,0
DA:341,0
DA:344,0
DA:346,0
DA:347,0
DA:349,0
DA:351,0
DA:352,0
DA:354,0
DA:357,0
DA:361,0
DA:362,0
DA:363,0
DA:365,0
DA:374,0
DA:375,0
DA:378,0
DA:386,0
DA:388,0
DA:389,0
DA:391,0
DA:392,0
DA:393,0
DA:394,0
DA:401,0
DA:413,0
DA:414,0
DA:415,0
DA:418,0
DA:423,0
DA:424,0
DA:426,0
DA:427,0
DA:430,0
DA:431,0
DA:433,0
DA:434,0
DA:437,0
DA:440,0
DA:441,0
DA:442,0
DA:443,0
DA:446,0
DA:447,0
DA:448,0
DA:454,0
DA:455,0
DA:457,0
DA:458,0
DA:463,0
DA:465,0
DA:466,0
DA:469,0
DA:470,0
DA:474,0
DA:475,0
DA:476,0
DA:477,0
DA:482,0
DA:488,0
DA:492,0
DA:493,0
DA:494,0
DA:496,0
DA:500,1
LF:186
LH:5
BRDA:21,0,0,0
BRDA:21,0,1,0
BRDA:65,1,0,0
BRDA:65,1,1,0
BRDA:70,2,0,0
BRDA:70,2,1,0
BRDA:74,3,0,0
BRDA:74,3,1,0
BRDA:81,4,0,0
BRDA:81,4,1,0
BRDA:86,5,0,0
BRDA:86,5,1,0
BRDA:97,6,0,0
BRDA:97,6,1,0
BRDA:103,7,0,0
BRDA:103,7,1,0
BRDA:108,8,0,0
BRDA:108,8,1,0
BRDA:118,9,0,0
BRDA:118,9,1,0
BRDA:123,10,0,0
BRDA:123,10,1,0
BRDA:128,11,0,0
BRDA:128,11,1,0
BRDA:130,12,0,0
BRDA:130,12,1,0
BRDA:136,13,0,0
BRDA:136,13,1,0
BRDA:148,14,0,0
BRDA:148,14,1,0
BRDA:149,15,0,0
BRDA:149,15,1,0
BRDA:163,16,0,0
BRDA:163,16,1,0
BRDA:172,17,0,0
BRDA:172,17,1,0
BRDA:193,18,0,0
BRDA:193,18,1,0
BRDA:196,19,0,0
BRDA:196,19,1,0
BRDA:200,20,0,0
BRDA:200,20,1,0
BRDA:205,21,0,0
BRDA:205,21,1,0
BRDA:215,22,0,0
BRDA:215,22,1,0
BRDA:227,23,0,0
BRDA:227,23,1,0
BRDA:230,24,0,0
BRDA:230,24,1,0
BRDA:232,25,0,0
BRDA:232,25,1,0
BRDA:235,26,0,0
BRDA:235,26,1,0
BRDA:239,27,0,0
BRDA:239,27,1,0
BRDA:249,28,0,0
BRDA:249,28,1,0
BRDA:264,29,0,0
BRDA:264,29,1,0
BRDA:325,30,0,0
BRDA:325,30,1,0
BRDA:349,31,0,0
BRDA:349,31,1,0
BRDA:352,32,0,0
BRDA:352,32,1,0
BRDA:352,33,0,0
BRDA:352,33,1,0
BRDA:352,33,2,0
BRDA:362,34,0,0
BRDA:362,34,1,0
BRDA:389,35,0,0
BRDA:389,35,1,0
BRDA:392,36,0,0
BRDA:392,36,1,0
BRDA:424,37,0,0
BRDA:424,37,1,0
BRDA:431,38,0,0
BRDA:431,38,1,0
BRDA:431,39,0,0
BRDA:431,39,1,0
BRDA:442,40,0,0
BRDA:442,40,1,0
BRDA:446,41,0,0
BRDA:446,41,1,0
BRDA:454,42,0,0
BRDA:454,42,1,0
BRDA:457,43,0,0
BRDA:457,43,1,0
BRDA:463,44,0,0
BRDA:463,44,1,0
BRDA:469,45,0,0
BRDA:469,45,1,0
BRDA:474,46,0,0
BRDA:474,46,1,0
BRDA:485,47,0,0
BRDA:485,47,1,0
BRDA:493,48,0,0
BRDA:493,48,1,0
BRF:99
BRH:0
end_of_record
TN:
SF:services/atsService.js
FN:5,normalizeTerm
FN:14,cleanKeywords
FN:32,normalizeKeywords
FN:37,extractKeywordsFromOpenAI
FN:41,compareKeywords
FN:44,(anonymous_5)
FN:49,(anonymous_6)
FN:53,(anonymous_7)
FN:54,(anonymous_8)
FN:58,(anonymous_9)
FNF:10
FNH:0
FNDA:0,normalizeTerm
FNDA:0,cleanKeywords
FNDA:0,normalizeKeywords
FNDA:0,extractKeywordsFromOpenAI
FNDA:0,compareKeywords
FNDA:0,(anonymous_5)
FNDA:0,(anonymous_6)
FNDA:0,(anonymous_7)
FNDA:0,(anonymous_8)
FNDA:0,(anonymous_9)
DA:1,1
DA:2,1
DA:3,1
DA:7,0
DA:16,0
DA:17,0
DA:18,0
DA:19,0
DA:20,0
DA:21,0
DA:22,0
DA:23,0
DA:24,0
DA:25,0
DA:26,0
DA:27,0
DA:29,0
DA:34,0
DA:38,0
DA:43,0
DA:44,0
DA:45,0
DA:46,0
DA:48,0
DA:49,0
DA:50,0
DA:51,0
DA:53,0
DA:54,0
DA:55,0
DA:58,1
DA:60,0
DA:63,0
DA:66,0
DA:67,0
DA:68,0
DA:71,0
DA:73,0
LF:38
LH:4
BRDA:19,0,0,0
BRDA:19,0,1,0
BRDA:21,1,0,0
BRDA:21,1,1,0
BRDA:23,2,0,0
BRDA:23,2,1,0
BRDA:25,3,0,0
BRDA:25,3,1,0
BRDA:38,4,0,0
BRDA:38,4,1,0
BRDA:38,4,2,0
BRDA:43,5,0,0
BRDA:43,5,1,0
BRDA:44,6,0,0
BRDA:44,6,1,0
BRDA:45,7,0,0
BRDA:45,7,1,0
BRDA:45,8,0,0
BRDA:45,8,1,0
BRDA:48,9,0,0
BRDA:48,9,1,0
BRDA:49,10,0,0
BRDA:49,10,1,0
BRDA:50,11,0,0
BRDA:50,11,1,0
BRDA:50,12,0,0
BRDA:50,12,1,0
BRDA:68,13,0,0
BRDA:68,13,1,0
BRDA:77,14,0,0
BRDA:77,14,1,0
BRDA:77,15,0,0
BRDA:77,15,1,0
BRDA:78,16,0,0
BRDA:78,16,1,0
BRDA:78,17,0,0
BRDA:78,17,1,0
BRF:37
BRH:0
end_of_record
TN:
SF:services/claudeService.js
FN:13,(anonymous_0)
FNF:1
FNH:0
FNDA:0,(anonymous_0)
DA:1,1
DA:3,1
DA:4,1
DA:5,1
DA:13,1
DA:14,0
DA:20,0
DA:30,0
DA:37,0
DA:38,0
DA:39,0
DA:41,0
DA:43,0
DA:44,0
DA:45,0
DA:47,0
DA:48,0
LF:17
LH:5
BRDA:43,0,0,0
BRDA:43,0,1,0
BRDA:45,1,0,0
BRDA:45,1,1,0
BRF:4
BRH:0
end_of_record
TN:
SF:services/emailService.js
FN:5,(anonymous_0)
FN:31,(anonymous_1)
FN:203,(anonymous_2)
FN:318,(anonymous_3)
FNF:4
FNH:0
FNDA:0,(anonymous_0)
FNDA:0,(anonymous_1)
FNDA:0,(anonymous_2)
FNDA:0,(anonymous_3)
DA:1,0
DA:2,0
DA:5,0
DA:7,0
DA:8,0
DA:16,0
DA:31,0
DA:32,0
DA:33,0
DA:35,0
DA:37,0
DA:181,0
DA:183,0
DA:184,0
DA:185,0
DA:186,0
DA:187,0
DA:188,0
DA:189,0
DA:191,0
DA:194,0
DA:197,0
DA:198,0
DA:203,0
DA:204,0
DA:205,0
DA:207,0
DA:307,0
DA:308,0
DA:309,0
DA:312,0
DA:313,0
DA:318,0
DA:319,0
DA:320,0
DA:322,0
DA:470,0
DA:472,0
DA:473,0
DA:474,0
DA:475,0
DA:476,0
DA:477,0
DA:479,0
DA:482,0
DA:485,0
DA:486,0
DA:490,0
LF:48
LH:0
BRDA:7,0,0,0
BRDA:7,0,1,0
BRDA:7,1,0,0
BRDA:7,1,1,0
BRDA:7,1,2,0
BRDA:18,2,0,0
BRDA:18,2,1,0
BRDA:35,3,0,0
BRDA:35,3,1,0
BRDA:38,4,0,0
BRDA:38,4,1,0
BRDA:183,5,0,0
BRDA:183,5,1,0
BRDA:183,6,0,0
BRDA:183,6,1,0
BRDA:183,6,2,0
BRDA:208,7,0,0
BRDA:208,7,1,0
BRDA:323,8,0,0
BRDA:323,8,1,0
BRDA:472,9,0,0
BRDA:472,9,1,0
BRDA:472,10,0,0
BRDA:472,10,1,0
BRDA:472,10,2,0
BRF:25
BRH:0
end_of_record
TN:
SF:services/gupyOptimizationService.js
FN:8,(anonymous_0)
FN:32,(anonymous_1)
FN:33,(anonymous_2)
FN:36,(anonymous_3)
FN:63,(anonymous_4)
FN:78,(anonymous_5)
FN:89,(anonymous_6)
FN:92,(anonymous_7)
FN:94,(anonymous_8)
FN:106,(anonymous_9)
FN:111,(anonymous_10)
FN:114,(anonymous_11)
FN:122,(anonymous_12)
FN:130,(anonymous_13)
FN:144,(anonymous_14)
FN:150,(anonymous_15)
FN:154,(anonymous_16)
FN:181,(anonymous_17)
FN:202,(anonymous_18)
FN:218,(anonymous_19)
FN:231,(anonymous_20)
FN:295,(anonymous_21)
FN:327,(anonymous_22)
FN:329,(anonymous_23)
FN:338,(anonymous_24)
FN:342,(anonymous_25)
FN:354,(anonymous_26)
FN:355,(anonymous_27)
FN:372,(anonymous_28)
FN:383,(anonymous_29)
FN:388,(anonymous_30)
FNF:31
FNH:0
FNDA:0,(anonymous_0)
FNDA:0,(anonymous_1)
FNDA:0,(anonymous_2)
FNDA:0,(anonymous_3)
FNDA:0,(anonymous_4)
FNDA:0,(anonymous_5)
FNDA:0,(anonymous_6)
FNDA:0,(anonymous_7)
FNDA:0,(anonymous_8)
FNDA:0,(anonymous_9)
FNDA:0,(anonymous_10)
FNDA:0,(anonymous_11)
FNDA:0,(anonymous_12)
FNDA:0,(anonymous_13)
FNDA:0,(anonymous_14)
FNDA:0,(anonymous_15)
FNDA:0,(anonymous_16)
FNDA:0,(anonymous_17)
FNDA:0,(anonymous_18)
FNDA:0,(anonymous_19)
FNDA:0,(anonymous_20)
FNDA:0,(anonymous_21)
FNDA:0,(anonymous_22)
FNDA:0,(anonymous_23)
FNDA:0,(anonymous_24)
FNDA:0,(anonymous_25)
FNDA:0,(anonymous_26)
FNDA:0,(anonymous_27)
FNDA:0,(anonymous_28)
FNDA:0,(anonymous_29)
FNDA:0,(anonymous_30)
DA:1,1
DA:9,0
DA:29,0
DA:30,0
DA:32,0
DA:33,0
DA:36,0
DA:37,0
DA:41,0
DA:44,0
DA:45,0
DA:48,0
DA:49,0
DA:52,0
DA:55,0
DA:57,0
DA:65,0
DA:74,0
DA:75,0
DA:78,0
DA:79,0
DA:80,0
DA:81,0
DA:82,0
DA:83,0
DA:88,0
DA:89,0
DA:91,0
DA:92,0
DA:93,0
DA:94,0
DA:95,0
DA:99,0
DA:103,0
DA:106,0
DA:109,0
DA:111,0
DA:114,0
DA:123,0
DA:128,0
DA:130,0
DA:131,0
DA:132,0
DA:133,0
DA:134,0
DA:138,0
DA:145,0
DA:146,0
DA:149,0
DA:150,0
DA:151,0
DA:154,0
DA:155,0
DA:158,0
DA:159,0
DA:160,0
DA:164,0
DA:165,0
DA:167,0
DA:168,0
DA:169,0
DA:173,0
DA:174,0
DA:175,0
DA:176,0
DA:180,0
DA:181,0
DA:182,0
DA:185,0
DA:186,0
DA:187,0
DA:191,0
DA:192,0
DA:193,0
DA:196,0
DA:203,0
DA:206,0
DA:209,0
DA:211,0
DA:214,0
DA:215,0
DA:218,0
DA:220,0
DA:223,0
DA:225,0
DA:232,0
DA:235,0
DA:236,0
DA:246,0
DA:247,0
DA:257,0
DA:258,0
DA:268,0
DA:269,0
DA:279,0
DA:280,0
DA:289,0
DA:296,0
DA:299,0
DA:306,0
DA:312,0
DA:317,0
DA:322,0
DA:328,0
DA:329,0
DA:332,0
DA:339,0
DA:340,0
DA:342,0
DA:343,0
DA:344,0
DA:345,0
DA:348,0
DA:355,0
DA:362,0
DA:363,0
DA:365,0
DA:374,0
DA:376,0
DA:383,0
DA:384,0
DA:385,0
DA:388,0
DA:392,1
LF:124
LH:2
BRDA:80,0,0,0
BRDA:80,0,1,0
BRDA:81,1,0,0
BRDA:81,1,1,0
BRDA:94,2,0,0
BRDA:94,2,1,0
BRDA:99,3,0,0
BRDA:99,3,1,0
BRDA:133,4,0,0
BRDA:133,4,1,0
BRDA:133,5,0,0
BRDA:133,5,1,0
BRDA:138,6,0,0
BRDA:138,6,1,0
BRDA:151,7,0,0
BRDA:151,7,1,0
BRDA:151,7,2,0
BRDA:158,8,0,0
BRDA:158,8,1,0
BRDA:158,9,0,0
BRDA:158,9,1,0
BRDA:165,10,0,0
BRDA:165,10,1,0
BRDA:167,11,0,0
BRDA:167,11,1,0
BRDA:174,12,0,0
BRDA:174,12,1,0
BRDA:185,13,0,0
BRDA:185,13,1,0
BRDA:192,14,0,0
BRDA:192,14,1,0
BRDA:218,15,0,0
BRDA:218,15,1,0
BRDA:235,16,0,0
BRDA:235,16,1,0
BRDA:246,17,0,0
BRDA:246,17,1,0
BRDA:257,18,0,0
BRDA:257,18,1,0
BRDA:268,19,0,0
BRDA:268,19,1,0
BRDA:273,20,0,0
BRDA:273,20,1,0
BRDA:279,21,0,0
BRDA:279,21,1,0
BRDA:328,22,0,0
BRDA:328,22,1,0
BRDA:344,23,0,0
BRDA:344,23,1,0
BRDA:365,24,0,0
BRDA:365,24,1,0
BRDA:384,25,0,0
BRDA:384,25,1,0
BRF:53
BRH:0
end_of_record
TN:
SF:services/openaiService.js
FN:17,sleep
FN:18,(anonymous_1)
FN:22,calculateDelay
FN:32,isRetriableError
FN:47,getRateLimitInfo
FN:58,buildPrompt
FN:189,(anonymous_6)
FNF:7
FNH:0
FNDA:0,sleep
FNDA:0,(anonymous_1)
FNDA:0,calculateDelay
FNDA:0,isRetriableError
FNDA:0,getRateLimitInfo
FNDA:0,buildPrompt
FNDA:0,(anonymous_6)
DA:1,1
DA:2,1
DA:3,1
DA:5,1
DA:6,1
DA:9,1
DA:18,0
DA:23,0
DA:28,0
DA:33,0
DA:35,0
DA:37,0
DA:48,0
DA:50,0
DA:51,0
DA:59,0
DA:189,1
DA:190,0
DA:191,0
DA:193,0
DA:194,0
DA:197,0
DA:198,0
DA:201,0
DA:202,0
DA:203,0
DA:204,0
DA:205,0
DA:207,0
DA:208,0
DA:209,0
DA:210,0
DA:211,0
DA:212,0
DA:214,0
DA:216,0
DA:221,0
DA:231,0
DA:239,0
DA:240,0
DA:241,0
DA:254,0
DA:255,0
DA:259,0
DA:262,0
DA:263,0
DA:266,0
DA:267,0
DA:268,0
DA:269,0
DA:270,0
DA:271,0
DA:274,0
DA:275,0
DA:277,0
DA:278,0
DA:279,0
DA:283,0
DA:284,0
DA:285,0
DA:287,0
DA:289,0
DA:290,0
DA:293,0
DA:294,0
DA:295,0
DA:297,0
DA:298,0
DA:299,0
DA:300,0
DA:301,0
DA:302,0
DA:307,0
DA:308,0
DA:309,0
DA:314,0
DA:318,0
DA:319,0
DA:324,0
DA:325,0
DA:329,0
DA:330,0
DA:333,0
DA:334,0
DA:335,0
DA:339,0
DA:342,0
DA:343,0
DA:344,0
DA:347,0
DA:348,0
DA:353,0
DA:354,0
DA:355,0
DA:356,0
DA:358,0
DA:359,0
DA:360,0
DA:361,0
DA:362,0
DA:363,0
DA:365,0
DA:366,0
DA:368,0
DA:369,0
DA:370,0
DA:373,0
DA:374,0
LF:108
LH:7
BRDA:33,0,0,0
BRDA:33,0,1,0
BRDA:48,1,0,0
BRDA:48,1,1,0
BRDA:48,2,0,0
BRDA:48,2,1,0
BRDA:201,3,0,0
BRDA:201,3,1,0
BRDA:208,4,0,0
BRDA:208,4,1,0
BRDA:209,5,0,0
BRDA:209,5,1,0
BRDA:211,6,0,0
BRDA:211,6,1,0
BRDA:254,7,0,0
BRDA:254,7,1,0
BRDA:267,8,0,0
BRDA:267,8,1,0
BRDA:268,9,0,0
BRDA:268,9,1,0
BRDA:270,10,0,0
BRDA:270,10,1,0
BRDA:289,11,0,0
BRDA:289,11,1,0
BRDA:289,12,0,0
BRDA:289,12,1,0
BRDA:293,13,0,0
BRDA:293,13,1,0
BRDA:297,14,0,0
BRDA:297,14,1,0
BRDA:301,15,0,0
BRDA:301,15,1,0
BRDA:302,16,0,0
BRDA:302,16,1,0
BRDA:307,17,0,0
BRDA:307,17,1,0
BRDA:310,18,0,0
BRDA:310,18,1,0
BRDA:311,19,0,0
BRDA:311,19,1,0
BRDA:312,20,0,0
BRDA:312,20,1,0
BRDA:318,21,0,0
BRDA:318,21,1,0
BRDA:324,22,0,0
BRDA:324,22,1,0
BRDA:329,23,0,0
BRDA:329,23,1,0
BRDA:329,24,0,0
BRDA:329,24,1,0
BRDA:342,25,0,0
BRDA:342,25,1,0
BRDA:342,26,0,0
BRDA:342,26,1,0
BRDA:359,27,0,0
BRDA:359,27,1,0
BRDA:360,28,0,0
BRDA:360,28,1,0
BRDA:362,29,0,0
BRDA:362,29,1,0
BRF:60
BRH:0
end_of_record
TN:
SF:services/rateLimitMonitor.js
FN:3,(anonymous_0)
FN:16,(anonymous_1)
FN:42,(anonymous_2)
FN:58,(anonymous_3)
FN:67,(anonymous_4)
FN:73,(anonymous_5)
FN:83,(anonymous_6)
FN:104,(anonymous_7)
FNF:8
FNH:1
FNDA:1,(anonymous_0)
FNDA:0,(anonymous_1)
FNDA:0,(anonymous_2)
FNDA:0,(anonymous_3)
FNDA:0,(anonymous_4)
FNDA:0,(anonymous_5)
FNDA:0,(anonymous_6)
FNDA:0,(anonymous_7)
DA:4,1
DA:9,1
DA:17,0
DA:20,0
DA:21,0
DA:22,0
DA:23,0
DA:24,0
DA:26,0
DA:32,0
DA:38,0
DA:43,0
DA:46,0
DA:47,0
DA:48,0
DA:51,0
DA:52,0
DA:54,0
DA:59,0
DA:60,0
DA:61,0
DA:63,0
DA:68,0
DA:69,0
DA:74,0
DA:75,0
DA:84,0
DA:86,0
DA:87,0
DA:94,0
DA:96,0
DA:105,0
DA:123,1
DA:125,1
LF:34
LH:4
BRDA:17,0,0,0
BRDA:17,0,1,0
BRDA:20,1,0,0
BRDA:20,1,1,0
BRDA:21,2,0,0
BRDA:21,2,1,0
BRDA:22,3,0,0
BRDA:22,3,1,0
BRDA:23,4,0,0
BRDA:23,4,1,0
BRDA:24,5,0,0
BRDA:24,5,1,0
BRDA:42,6,0,0
BRDA:46,7,0,0
BRDA:46,7,1,0
BRDA:54,8,0,0
BRDA:54,8,1,0
BRDA:67,9,0,0
BRDA:74,10,0,0
BRDA:74,10,1,0
BRDA:83,11,0,0
BRDA:86,12,0,0
BRDA:86,12,1,0
BRF:23
BRH:0
end_of_record
TN:
SF:utils/authMiddleware.js
FN:18,(anonymous_0)
FNF:1
FNH:1
FNDA:5,(anonymous_0)
DA:1,1
DA:4,1
DA:7,1
DA:8,0
DA:9,0
DA:10,0
DA:13,1
DA:14,0
DA:15,0
DA:18,1
DA:19,5
DA:20,5
DA:21,1
DA:22,1
DA:25,4
DA:26,4
DA:27,1
DA:28,1
DA:31,3
DA:32,3
DA:33,1
DA:34,1
DA:36,2
DA:37,2
LF:24
LH:19
BRDA:7,0,0,0
BRDA:7,0,1,1
BRDA:7,1,0,1
BRDA:7,1,1,0
BRDA:13,2,0,0
BRDA:13,2,1,1
BRDA:20,3,0,1
BRDA:20,3,1,4
BRDA:26,4,0,1
BRDA:26,4,1,3
BRF:10
BRH:7
end_of_record
TN:
SF:utils/encryption-secure.js
FN:16,getEncryptionKey
FN:57,encrypt
FN:99,decrypt
FN:145,maskKey
FN:165,containsSensitiveData
FN:182,(anonymous_5)
FN:190,sanitizeForLog
FN:213,(anonymous_7)
FN:239,secureHash
FN:248,isConfigured
FNF:10
FNH:0
FNDA:0,getEncryptionKey
FNDA:0,encrypt
FNDA:0,decrypt
FNDA:0,maskKey
FNDA:0,containsSensitiveData
FNDA:0,(anonymous_5)
FNDA:0,sanitizeForLog
FNDA:0,(anonymous_7)
FNDA:0,secureHash
FNDA:0,isConfigured
DA:1,0
DA:7,0
DA:8,0
DA:9,0
DA:10,0
DA:17,0
DA:19,0
DA:20,0
DA:21,0
DA:24,0
DA:25,0
DA:29,0
DA:30,0
DA:34,0
DA:35,0
DA:38,0
DA:43,0
DA:44,0
DA:46,0
DA:47,0
DA:48,0
DA:58,0
DA:60,0
DA:61,0
DA:62,0
DA:64,0
DA:67,0
DA:69,0
DA:72,0
DA:75,0
DA:81,0
DA:84,0
DA:87,0
DA:89,0
DA:90,0
DA:100,0
DA:102,0
DA:103,0
DA:104,0
DA:106,0
DA:109,0
DA:111,0
DA:114,0
DA:115,0
DA:116,0
DA:119,0
DA:120,0
DA:123,0
DA:128,0
DA:131,0
DA:132,0
DA:134,0
DA:136,0
DA:146,0
DA:148,0
DA:149,0
DA:152,0
DA:153,0
DA:154,0
DA:155,0
DA:157,0
DA:166,0
DA:168,0
DA:182,0
DA:191,0
DA:193,0
DA:194,0
DA:195,0
DA:197,0
DA:200,0
DA:201,0
DA:203,0
DA:204,0
DA:207,0
DA:213,0
DA:214,0
DA:217,0
DA:218,0
DA:219,0
DA:221,0
DA:224,0
DA:228,0
DA:231,0
DA:240,0
DA:241,0
DA:249,0
DA:252,0
LF:87
LH:0
BRDA:19,0,0,0
BRDA:19,0,1,0
BRDA:20,1,0,0
BRDA:20,1,1,0
BRDA:29,2,0,0
BRDA:29,2,1,0
BRDA:29,3,0,0
BRDA:29,3,1,0
BRDA:34,4,0,0
BRDA:34,4,1,0
BRDA:47,5,0,0
BRDA:47,5,1,0
BRDA:58,6,0,0
BRDA:58,6,1,0
BRDA:60,7,0,0
BRDA:60,7,1,0
BRDA:61,8,0,0
BRDA:61,8,1,0
BRDA:100,9,0,0
BRDA:100,9,1,0
BRDA:102,10,0,0
BRDA:102,10,1,0
BRDA:103,11,0,0
BRDA:103,11,1,0
BRDA:131,12,0,0
BRDA:131,12,1,0
BRDA:146,13,0,0
BRDA:146,13,1,0
BRDA:146,14,0,0
BRDA:146,14,1,0
BRDA:148,15,0,0
BRDA:148,15,1,0
BRDA:152,16,0,0
BRDA:152,16,1,0
BRDA:166,17,0,0
BRDA:166,17,1,0
BRDA:166,18,0,0
BRDA:166,18,1,0
BRDA:191,19,0,0
BRDA:191,19,1,0
BRDA:193,20,0,0
BRDA:193,20,1,0
BRDA:194,21,0,0
BRDA:194,21,1,0
BRDA:200,22,0,0
BRDA:200,22,1,0
BRDA:201,23,0,0
BRDA:201,23,1,0
BRDA:217,24,0,0
BRDA:217,24,1,0
BRDA:218,25,0,0
BRDA:218,25,1,0
BRDA:240,26,0,0
BRDA:240,26,1,0
BRF:54
BRH:0
end_of_record
TN:
SF:utils/encryption.backup.js
FN:6,getEncryptionKey
FN:29,encrypt
FN:53,decrypt
FN:79,maskKey
FN:98,containsSensitiveData
FN:115,(anonymous_5)
FN:123,sanitizeForLog
FNF:7
FNH:0
FNDA:0,getEncryptionKey
FNDA:0,encrypt
FNDA:0,decrypt
FNDA:0,maskKey
FNDA:0,containsSensitiveData
FNDA:0,(anonymous_5)
FNDA:0,sanitizeForLog
DA:1,0
DA:4,0
DA:7,0
DA:9,0
DA:11,0
DA:12,0
DA:14,0
DA:18,0
DA:19,0
DA:22,0
DA:30,0
DA:32,0
DA:33,0
DA:34,0
DA:36,0
DA:37,0
DA:40,0
DA:41,0
DA:43,0
DA:44,0
DA:54,0
DA:56,0
DA:57,0
DA:59,0
DA:60,0
DA:62,0
DA:64,0
DA:65,0
DA:67,0
DA:69,0
DA:70,0
DA:80,0
DA:82,0
DA:83,0
DA:86,0
DA:87,0
DA:88,0
DA:90,0
DA:99,0
DA:101,0
DA:115,0
DA:124,0
DA:126,0
DA:127,0
DA:128,0
DA:130,0
DA:133,0
DA:134,0
DA:136,0
DA:137,0
DA:140,0
DA:146,0
DA:147,0
DA:149,0
DA:152,0
DA:156,0
DA:159,0
DA:162,0
LF:58
LH:0
BRDA:9,0,0,0
BRDA:9,0,1,0
BRDA:11,1,0,0
BRDA:11,1,1,0
BRDA:11,2,0,0
BRDA:11,2,1,0
BRDA:30,3,0,0
BRDA:30,3,1,0
BRDA:54,4,0,0
BRDA:54,4,1,0
BRDA:80,5,0,0
BRDA:80,5,1,0
BRDA:80,6,0,0
BRDA:80,6,1,0
BRDA:82,7,0,0
BRDA:82,7,1,0
BRDA:99,8,0,0
BRDA:99,8,1,0
BRDA:99,9,0,0
BRDA:99,9,1,0
BRDA:124,10,0,0
BRDA:124,10,1,0
BRDA:126,11,0,0
BRDA:126,11,1,0
BRDA:127,12,0,0
BRDA:127,12,1,0
BRDA:133,13,0,0
BRDA:133,13,1,0
BRDA:134,14,0,0
BRDA:134,14,1,0
BRDA:140,15,0,0
BRDA:140,15,1,0
BRDA:140,16,0,0
BRDA:140,16,1,0
BRDA:140,16,2,0
BRDA:140,16,3,0
BRDA:140,16,4,0
BRDA:146,17,0,0
BRDA:146,17,1,0
BRF:39
BRH:0
end_of_record
TN:
SF:utils/encryption.js
FN:8,getEncryptionKey
FN:38,encrypt
FN:74,decrypt
FN:121,decryptLegacy
FN:142,maskKey
FN:163,containsSensitiveData
FN:180,(anonymous_6)
FN:188,sanitizeForLog
FNF:8
FNH:0
FNDA:0,getEncryptionKey
FNDA:0,encrypt
FNDA:0,decrypt
FNDA:0,decryptLegacy
FNDA:0,maskKey
FNDA:0,containsSensitiveData
FNDA:0,(anonymous_6)
FNDA:0,sanitizeForLog
DA:1,0
DA:4,0
DA:5,0
DA:6,0
DA:9,0
DA:11,0
DA:12,0
DA:13,0
DA:16,0
DA:18,0
DA:24,0
DA:25,0
DA:27,0
DA:31,0
DA:39,0
DA:41,0
DA:43,0
DA:46,0
DA:49,0
DA:55,0
DA:58,0
DA:60,0
DA:62,0
DA:63,0
DA:65,0
DA:75,0
DA:77,0
DA:79,0
DA:82,0
DA:84,0
DA:88,0
DA:89,0
DA:90,0
DA:93,0
DA:94,0
DA:97,0
DA:102,0
DA:105,0
DA:106,0
DA:108,0
DA:109,0
DA:111,0
DA:122,0
DA:123,0
DA:124,0
DA:125,0
DA:127,0
DA:128,0
DA:129,0
DA:131,0
DA:133,0
DA:143,0
DA:145,0
DA:146,0
DA:150,0
DA:151,0
DA:152,0
DA:153,0
DA:155,0
DA:164,0
DA:166,0
DA:180,0
DA:189,0
DA:191,0
DA:192,0
DA:193,0
DA:195,0
DA:198,0
DA:199,0
DA:201,0
DA:202,0
DA:205,0
DA:211,0
DA:212,0
DA:214,0
DA:217,0
DA:221,0
DA:224,0
DA:227,0
LF:79
LH:0
BRDA:11,0,0,0
BRDA:11,0,1,0
BRDA:12,1,0,0
BRDA:12,1,1,0
BRDA:24,2,0,0
BRDA:24,2,1,0
BRDA:24,3,0,0
BRDA:24,3,1,0
BRDA:39,4,0,0
BRDA:39,4,1,0
BRDA:62,5,0,0
BRDA:62,5,1,0
BRDA:75,6,0,0
BRDA:75,6,1,0
BRDA:82,7,0,0
BRDA:82,7,1,0
BRDA:108,8,0,0
BRDA:108,8,1,0
BRDA:143,9,0,0
BRDA:143,9,1,0
BRDA:143,10,0,0
BRDA:143,10,1,0
BRDA:145,11,0,0
BRDA:145,11,1,0
BRDA:150,12,0,0
BRDA:150,12,1,0
BRDA:164,13,0,0
BRDA:164,13,1,0
BRDA:164,14,0,0
BRDA:164,14,1,0
BRDA:189,15,0,0
BRDA:189,15,1,0
BRDA:191,16,0,0
BRDA:191,16,1,0
BRDA:192,17,0,0
BRDA:192,17,1,0
BRDA:198,18,0,0
BRDA:198,18,1,0
BRDA:199,19,0,0
BRDA:199,19,1,0
BRDA:205,20,0,0
BRDA:205,20,1,0
BRDA:205,21,0,0
BRDA:205,21,1,0
BRDA:205,21,2,0
BRDA:205,21,3,0
BRDA:205,21,4,0
BRDA:211,22,0,0
BRDA:211,22,1,0
BRF:49
BRH:0
end_of_record
TN:
SF:utils/hybridJobScraper.js
FN:13,(anonymous_0)
FN:28,(anonymous_1)
FN:91,(anonymous_2)
FN:103,(anonymous_3)
FN:131,(anonymous_4)
FN:146,(anonymous_5)
FN:176,(anonymous_6)
FN:199,(anonymous_7)
FN:213,(anonymous_8)
FN:216,(anonymous_9)
FN:216,(anonymous_10)
FN:233,(anonymous_11)
FN:234,(anonymous_12)
FN:235,(anonymous_13)
FN:252,(anonymous_14)
FN:260,(anonymous_15)
FN:281,(anonymous_16)
FN:308,(anonymous_17)
FNF:18
FNH:1
FNDA:1,(anonymous_0)
FNDA:0,(anonymous_1)
FNDA:0,(anonymous_2)
FNDA:0,(anonymous_3)
FNDA:0,(anonymous_4)
FNDA:0,(anonymous_5)
FNDA:0,(anonymous_6)
FNDA:0,(anonymous_7)
FNDA:0,(anonymous_8)
FNDA:0,(anonymous_9)
FNDA:0,(anonymous_10)
FNDA:0,(anonymous_11)
FNDA:0,(anonymous_12)
FNDA:0,(anonymous_13)
FNDA:0,(anonymous_14)
FNDA:0,(anonymous_15)
FNDA:0,(anonymous_16)
FNDA:0,(anonymous_17)
DA:1,1
DA:2,1
DA:14,1
DA:29,0
DA:30,0
DA:32,0
DA:33,0
DA:36,0
DA:37,0
DA:39,0
DA:40,0
DA:41,0
DA:44,0
DA:46,0
DA:47,0
DA:48,0
DA:49,0
DA:51,0
DA:53,0
DA:56,0
DA:57,0
DA:58,0
DA:62,0
DA:63,0
DA:65,0
DA:74,0
DA:75,0
DA:77,0
DA:80,0
DA:81,0
DA:83,0
DA:84,0
DA:92,0
DA:93,0
DA:95,0
DA:96,0
DA:99,0
DA:100,0
DA:101,0
DA:103,0
DA:104,0
DA:105,0
DA:106,0
DA:108,0
DA:109,0
DA:116,0
DA:117,0
DA:126,0
DA:127,0
DA:130,0
DA:131,0
DA:135,0
DA:138,0
DA:139,0
DA:147,0
DA:148,0
DA:150,0
DA:151,0
DA:155,0
DA:168,0
DA:169,0
DA:177,0
DA:178,0
DA:181,0
DA:182,0
DA:185,0
DA:189,0
DA:192,0
DA:198,0
DA:199,0
DA:200,0
DA:203,0
DA:205,0
DA:207,0
DA:214,0
DA:216,0
DA:218,0
DA:219,0
DA:221,0
DA:222,0
DA:227,0
DA:234,0
DA:235,0
DA:237,0
DA:253,0
DA:261,0
DA:262,0
DA:265,0
DA:282,0
DA:283,0
DA:285,0
DA:296,0
DA:297,0
DA:309,0
DA:321,1
LF:95
LH:4
BRDA:28,0,0,0
BRDA:48,1,0,0
BRDA:48,1,1,0
BRDA:75,2,0,0
BRDA:75,2,1,0
BRDA:91,3,0,0
BRDA:96,4,0,0
BRDA:96,4,1,0
BRDA:130,5,0,0
BRDA:130,5,1,0
BRDA:146,6,0,0
BRDA:150,7,0,0
BRDA:150,7,1,0
BRDA:177,8,0,0
BRDA:177,8,1,0
BRDA:177,9,0,0
BRDA:177,9,1,0
BRDA:181,10,0,0
BRDA:181,10,1,0
BRDA:185,11,0,0
BRDA:185,11,1,0
BRDA:185,11,2,0
BRDA:189,12,0,0
BRDA:189,12,1,0
BRDA:203,13,0,0
BRDA:203,13,1,0
BRDA:203,13,2,0
BRDA:214,14,0,0
BRDA:214,14,1,0
BRDA:219,15,0,0
BRDA:219,15,1,0
BRDA:219,16,0,0
BRDA:219,16,1,0
BRDA:221,17,0,0
BRDA:221,17,1,0
BRDA:227,18,0,0
BRDA:227,18,1,0
BRDA:241,19,0,0
BRDA:241,19,1,0
BRDA:262,20,0,0
BRDA:262,20,1,0
BRF:41
BRH:0
end_of_record
TN:
SF:utils/logger.js
FN:6,(anonymous_0)
FN:18,(anonymous_1)
FN:73,(anonymous_2)
FN:76,(anonymous_3)
FN:92,(anonymous_4)
FNF:5
FNH:0
FNDA:0,(anonymous_0)
FNDA:0,(anonymous_1)
FNDA:0,(anonymous_2)
FNDA:0,(anonymous_3)
FNDA:0,(anonymous_4)
DA:1,0
DA:2,0
DA:3,0
DA:6,0
DA:8,0
DA:11,0
DA:12,0
DA:18,0
DA:19,0
DA:20,0
DA:24,0
DA:28,0
DA:41,0
DA:42,0
DA:50,0
DA:57,0
DA:64,0
DA:73,0
DA:74,0
DA:76,0
DA:77,0
DA:78,0
DA:88,0
DA:92,0
DA:93,0
DA:102,0
DA:105,0
LF:27
LH:0
BRDA:11,0,0,0
BRDA:11,0,1,0
BRDA:12,1,0,0
BRDA:12,1,1,0
BRDA:19,2,0,0
BRDA:19,2,1,0
BRDA:19,3,0,0
BRDA:19,3,1,0
BRDA:19,3,2,0
BRDA:29,4,0,0
BRDA:29,4,1,0
BRDA:41,5,0,0
BRDA:41,5,1,0
BRF:13
BRH:0
end_of_record
TN:
SF:utils/optionalAuthMiddleware.js
FN:18,(anonymous_0)
FNF:1
FNH:0
FNDA:0,(anonymous_0)
DA:1,0
DA:4,0
DA:7,0
DA:8,0
DA:9,0
DA:10,0
DA:13,0
DA:14,0
DA:15,0
DA:18,0
DA:19,0
DA:22,0
DA:23,0
DA:24,0
DA:27,0
DA:30,0
DA:31,0
DA:32,0
DA:35,0
DA:37,0
DA:38,0
DA:39,0
DA:42,0
DA:43,0
DA:46,0
LF:25
LH:0
BRDA:7,0,0,0
BRDA:7,0,1,0
BRDA:7,1,0,0
BRDA:7,1,1,0
BRDA:13,2,0,0
BRDA:13,2,1,0
BRDA:22,3,0,0
BRDA:22,3,1,0
BRDA:30,4,0,0
BRDA:30,4,1,0
BRF:10
BRH:0
end_of_record
TN:
SF:utils/relevantJobScraper.js
FN:10,isRelevantTitle
FN:11,(anonymous_1)
FN:16,(anonymous_2)
FN:23,(anonymous_3)
FNF:4
FNH:0
FNDA:0,isRelevantTitle
FNDA:0,(anonymous_1)
FNDA:0,(anonymous_2)
FNDA:0,(anonymous_3)
DA:1,1
DA:2,1
DA:4,1
DA:11,0
DA:12,0
DA:16,1
DA:17,0
DA:18,0
DA:19,0
DA:20,0
DA:21,0
DA:23,0
DA:24,0
DA:25,0
DA:26,0
DA:27,0
DA:28,0
DA:29,0
DA:31,0
DA:32,0
DA:33,0
DA:34,0
DA:35,0
DA:37,0
DA:38,0
DA:40,0
DA:44,0
DA:45,0
DA:47,0
DA:49,0
LF:30
LH:4
BRDA:25,0,0,0
BRDA:25,0,1,0
BRDA:31,1,0,0
BRDA:31,1,1,0
BRDA:31,1,2,0
BRDA:32,2,0,0
BRDA:32,2,1,0
BRDA:34,3,0,0
BRDA:34,3,1,0
BRDA:44,4,0,0
BRDA:44,4,1,0
BRF:11
BRH:0
end_of_record
TN:
SF:utils/textExtractor.js
FN:6,(anonymous_0)
FNF:1
FNH:0
FNDA:0,(anonymous_0)
DA:1,1
DA:2,1
DA:3,1
DA:4,1
DA:6,1
DA:7,0
DA:8,0
DA:9,0
DA:10,0
DA:11,0
DA:13,0
DA:14,0
DA:15,0
DA:17,0
DA:18,0
DA:20,0
LF:16
LH:5
BRDA:8,0,0,0
BRDA:8,0,1,0
BRDA:13,1,0,0
BRDA:13,1,1,0
BRDA:17,2,0,0
BRDA:17,2,1,0
BRF:6
BRH:0
end_of_record
TN:
SF:utils/urlExtractor.js
FN:10,(anonymous_0)
FN:26,(anonymous_1)
FN:35,(anonymous_2)
FN:39,(anonymous_3)
FN:79,(anonymous_4)
FNF:5
FNH:0
FNDA:0,(anonymous_0)
FNDA:0,(anonymous_1)
FNDA:0,(anonymous_2)
FNDA:0,(anonymous_3)
FNDA:0,(anonymous_4)
DA:1,1
DA:2,1
DA:3,1
DA:10,1
DA:11,0
DA:12,0
DA:15,0
DA:21,0
DA:22,0
DA:23,0
DA:26,0
DA:28,0
DA:30,0
DA:31,0
DA:34,0
DA:35,0
DA:38,0
DA:39,0
DA:42,0
DA:43,0
DA:47,0
DA:48,0
DA:51,0
DA:54,0
DA:57,0
DA:63,0
DA:65,0
DA:69,0
DA:73,0
DA:74,0
DA:79,1
DA:80,0
DA:81,0
DA:82,0
DA:83,0
DA:84,0
DA:86,0
DA:89,0
LF:38
LH:5
BRDA:10,0,0,0
BRDA:21,1,0,0
BRDA:21,1,1,0
BRDA:21,2,0,0
BRDA:21,2,1,0
BRDA:30,3,0,0
BRDA:30,3,1,0
BRDA:34,4,0,0
BRDA:34,4,1,0
BRDA:34,5,0,0
BRDA:34,5,1,0
BRDA:38,6,0,0
BRDA:38,6,1,0
BRDA:38,7,0,0
BRDA:38,7,1,0
BRDA:42,8,0,0
BRDA:42,8,1,0
BRDA:47,9,0,0
BRDA:47,9,1,0
BRDA:47,10,0,0
BRDA:47,10,1,0
BRDA:51,11,0,0
BRDA:51,11,1,0
BRDA:51,11,2,0
BRDA:69,12,0,0
BRDA:69,12,1,0
BRF:26
BRH:0
end_of_record
